{"/Users/erbyfischer/Documents/beginners-luck/negotiation-engine/server/calculations.js": {"path":"/Users/erbyfischer/Documents/beginners-luck/negotiation-engine/server/calculations.js","statementMap":{"0":{"start":{"line":3,"column":2},"end":{"line":3,"column":30}},"1":{"start":{"line":8,"column":2},"end":{"line":8,"column":33}},"2":{"start":{"line":8,"column":24},"end":{"line":8,"column":33}},"3":{"start":{"line":10,"column":18},"end":{"line":10,"column":75}},"4":{"start":{"line":10,"column":36},"end":{"line":10,"column":55}},"5":{"start":{"line":10,"column":66},"end":{"line":10,"column":74}},"6":{"start":{"line":11,"column":17},"end":{"line":11,"column":73}},"7":{"start":{"line":11,"column":35},"end":{"line":11,"column":53}},"8":{"start":{"line":11,"column":64},"end":{"line":11,"column":72}},"9":{"start":{"line":13,"column":2},"end":{"line":13,"column":60}},"10":{"start":{"line":13,"column":51},"end":{"line":13,"column":60}},"11":{"start":{"line":15,"column":22},"end":{"line":15,"column":32}},"12":{"start":{"line":16,"column":21},"end":{"line":16,"column":48}},"13":{"start":{"line":17,"column":21},"end":{"line":17,"column":30}},"14":{"start":{"line":18,"column":20},"end":{"line":18,"column":45}},"15":{"start":{"line":21,"column":25},"end":{"line":21,"column":73}},"16":{"start":{"line":22,"column":24},"end":{"line":22,"column":69}},"17":{"start":{"line":25,"column":2},"end":{"line":25,"column":46}},"18":{"start":{"line":30,"column":2},"end":{"line":30,"column":33}},"19":{"start":{"line":30,"column":24},"end":{"line":30,"column":33}},"20":{"start":{"line":32,"column":18},"end":{"line":32,"column":75}},"21":{"start":{"line":32,"column":36},"end":{"line":32,"column":55}},"22":{"start":{"line":32,"column":66},"end":{"line":32,"column":74}},"23":{"start":{"line":33,"column":17},"end":{"line":33,"column":73}},"24":{"start":{"line":33,"column":35},"end":{"line":33,"column":53}},"25":{"start":{"line":33,"column":64},"end":{"line":33,"column":72}},"26":{"start":{"line":35,"column":2},"end":{"line":35,"column":60}},"27":{"start":{"line":35,"column":51},"end":{"line":35,"column":60}},"28":{"start":{"line":37,"column":14},"end":{"line":37,"column":79}},"29":{"start":{"line":38,"column":21},"end":{"line":38,"column":53}},"30":{"start":{"line":40,"column":2},"end":{"line":40,"column":72}},"31":{"start":{"line":45,"column":2},"end":{"line":45,"column":36}},"32":{"start":{"line":45,"column":24},"end":{"line":45,"column":36}},"33":{"start":{"line":47,"column":18},"end":{"line":47,"column":75}},"34":{"start":{"line":47,"column":36},"end":{"line":47,"column":55}},"35":{"start":{"line":47,"column":66},"end":{"line":47,"column":74}},"36":{"start":{"line":48,"column":17},"end":{"line":48,"column":73}},"37":{"start":{"line":48,"column":35},"end":{"line":48,"column":53}},"38":{"start":{"line":48,"column":64},"end":{"line":48,"column":72}},"39":{"start":{"line":50,"column":2},"end":{"line":50,"column":63}},"40":{"start":{"line":50,"column":51},"end":{"line":50,"column":63}},"41":{"start":{"line":52,"column":21},"end":{"line":52,"column":48}},"42":{"start":{"line":53,"column":20},"end":{"line":53,"column":45}},"43":{"start":{"line":56,"column":16},"end":{"line":56,"column":44}},"44":{"start":{"line":59,"column":29},"end":{"line":59,"column":87}},"45":{"start":{"line":59,"column":54},"end":{"line":59,"column":68}},"46":{"start":{"line":60,"column":21},"end":{"line":60,"column":63}},"47":{"start":{"line":62,"column":2},"end":{"line":62,"column":32}},"48":{"start":{"line":67,"column":2},"end":{"line":67,"column":36}},"49":{"start":{"line":67,"column":24},"end":{"line":67,"column":36}},"50":{"start":{"line":69,"column":18},"end":{"line":69,"column":75}},"51":{"start":{"line":69,"column":36},"end":{"line":69,"column":55}},"52":{"start":{"line":69,"column":66},"end":{"line":69,"column":74}},"53":{"start":{"line":70,"column":17},"end":{"line":70,"column":73}},"54":{"start":{"line":70,"column":35},"end":{"line":70,"column":53}},"55":{"start":{"line":70,"column":64},"end":{"line":70,"column":72}},"56":{"start":{"line":72,"column":2},"end":{"line":72,"column":63}},"57":{"start":{"line":72,"column":51},"end":{"line":72,"column":63}},"58":{"start":{"line":74,"column":20},"end":{"line":74,"column":22}},"59":{"start":{"line":75,"column":20},"end":{"line":75,"column":59}},"60":{"start":{"line":77,"column":2},"end":{"line":79,"column":3}},"61":{"start":{"line":77,"column":15},"end":{"line":77,"column":16}},"62":{"start":{"line":78,"column":4},"end":{"line":78,"column":49}},"63":{"start":{"line":81,"column":2},"end":{"line":81,"column":92}},"64":{"start":{"line":81,"column":59},"end":{"line":81,"column":64}},"65":{"start":{"line":86,"column":2},"end":{"line":86,"column":33}},"66":{"start":{"line":86,"column":24},"end":{"line":86,"column":33}},"67":{"start":{"line":88,"column":22},"end":{"line":88,"column":53}},"68":{"start":{"line":89,"column":19},"end":{"line":89,"column":43}},"69":{"start":{"line":93,"column":21},"end":{"line":93,"column":72}},"70":{"start":{"line":95,"column":2},"end":{"line":95,"column":48}},"71":{"start":{"line":100,"column":2},"end":{"line":100,"column":45}},"72":{"start":{"line":100,"column":26},"end":{"line":100,"column":45}},"73":{"start":{"line":102,"column":18},"end":{"line":102,"column":56}},"74":{"start":{"line":102,"column":36},"end":{"line":102,"column":55}},"75":{"start":{"line":103,"column":17},"end":{"line":103,"column":54}},"76":{"start":{"line":103,"column":35},"end":{"line":103,"column":53}},"77":{"start":{"line":105,"column":2},"end":{"line":105,"column":67}},"78":{"start":{"line":105,"column":51},"end":{"line":105,"column":67}},"79":{"start":{"line":107,"column":21},"end":{"line":107,"column":55}},"80":{"start":{"line":108,"column":20},"end":{"line":108,"column":52}},"81":{"start":{"line":110,"column":14},"end":{"line":110,"column":46}},"82":{"start":{"line":113,"column":2},"end":{"line":115,"column":3}},"83":{"start":{"line":114,"column":4},"end":{"line":114,"column":21}},"84":{"start":{"line":117,"column":2},"end":{"line":117,"column":18}},"85":{"start":{"line":122,"column":26},"end":{"line":126,"column":12}},"86":{"start":{"line":124,"column":24},"end":{"line":124,"column":43}},"87":{"start":{"line":125,"column":24},"end":{"line":125,"column":42}},"88":{"start":{"line":128,"column":2},"end":{"line":136,"column":4}},"89":{"start":{"line":171,"column":2},"end":{"line":173,"column":3}},"90":{"start":{"line":172,"column":4},"end":{"line":172,"column":16}},"91":{"start":{"line":175,"column":18},"end":{"line":175,"column":56}},"92":{"start":{"line":175,"column":36},"end":{"line":175,"column":55}},"93":{"start":{"line":176,"column":17},"end":{"line":176,"column":54}},"94":{"start":{"line":176,"column":35},"end":{"line":176,"column":53}},"95":{"start":{"line":178,"column":2},"end":{"line":180,"column":3}},"96":{"start":{"line":179,"column":4},"end":{"line":179,"column":16}},"97":{"start":{"line":182,"column":21},"end":{"line":182,"column":48}},"98":{"start":{"line":183,"column":20},"end":{"line":183,"column":45}},"99":{"start":{"line":184,"column":21},"end":{"line":184,"column":67}},"100":{"start":{"line":187,"column":19},"end":{"line":187,"column":42}},"101":{"start":{"line":188,"column":25},"end":{"line":188,"column":78}},"102":{"start":{"line":191,"column":19},"end":{"line":191,"column":43}},"103":{"start":{"line":192,"column":29},"end":{"line":192,"column":55}},"104":{"start":{"line":196,"column":2},"end":{"line":220,"column":3}},"105":{"start":{"line":198,"column":17},"end":{"line":198,"column":44}},"106":{"start":{"line":200,"column":4},"end":{"line":208,"column":5}},"107":{"start":{"line":202,"column":25},"end":{"line":202,"column":78}},"108":{"start":{"line":203,"column":6},"end":{"line":203,"column":93}},"109":{"start":{"line":206,"column":25},"end":{"line":206,"column":77}},"110":{"start":{"line":207,"column":6},"end":{"line":207,"column":92}},"111":{"start":{"line":211,"column":21},"end":{"line":211,"column":75}},"112":{"start":{"line":213,"column":4},"end":{"line":219,"column":5}},"113":{"start":{"line":214,"column":25},"end":{"line":214,"column":82}},"114":{"start":{"line":215,"column":6},"end":{"line":215,"column":97}},"115":{"start":{"line":217,"column":25},"end":{"line":217,"column":81}},"116":{"start":{"line":218,"column":6},"end":{"line":218,"column":96}},"117":{"start":{"line":223,"column":26},"end":{"line":223,"column":57}},"118":{"start":{"line":224,"column":2},"end":{"line":229,"column":3}},"119":{"start":{"line":226,"column":4},"end":{"line":228,"column":72}},"120":{"start":{"line":231,"column":2},"end":{"line":237,"column":4}},"121":{"start":{"line":244,"column":14},"end":{"line":244,"column":60}},"122":{"start":{"line":245,"column":21},"end":{"line":245,"column":64}},"123":{"start":{"line":247,"column":18},"end":{"line":247,"column":85}},"124":{"start":{"line":249,"column":2},"end":{"line":255,"column":3}},"125":{"start":{"line":250,"column":4},"end":{"line":250,"column":93}},"126":{"start":{"line":251,"column":9},"end":{"line":255,"column":3}},"127":{"start":{"line":252,"column":4},"end":{"line":252,"column":100}},"128":{"start":{"line":254,"column":4},"end":{"line":254,"column":45}},"129":{"start":{"line":257,"column":2},"end":{"line":261,"column":3}},"130":{"start":{"line":258,"column":4},"end":{"line":258,"column":102}},"131":{"start":{"line":260,"column":4},"end":{"line":260,"column":53}},"132":{"start":{"line":263,"column":2},"end":{"line":263,"column":19}},"133":{"start":{"line":266,"column":0},"end":{"line":277,"column":2}}},"fnMap":{"0":{"name":"calculateMidpoint","decl":{"start":{"line":2,"column":9},"end":{"line":2,"column":26}},"loc":{"start":{"line":2,"column":42},"end":{"line":4,"column":1}},"line":2},"1":{"name":"calculateMomentum","decl":{"start":{"line":7,"column":9},"end":{"line":7,"column":26}},"loc":{"start":{"line":7,"column":34},"end":{"line":26,"column":1}},"line":7},"2":{"name":"(anonymous_2)","decl":{"start":{"line":10,"column":31},"end":{"line":10,"column":32}},"loc":{"start":{"line":10,"column":36},"end":{"line":10,"column":55}},"line":10},"3":{"name":"(anonymous_3)","decl":{"start":{"line":10,"column":61},"end":{"line":10,"column":62}},"loc":{"start":{"line":10,"column":66},"end":{"line":10,"column":74}},"line":10},"4":{"name":"(anonymous_4)","decl":{"start":{"line":11,"column":30},"end":{"line":11,"column":31}},"loc":{"start":{"line":11,"column":35},"end":{"line":11,"column":53}},"line":11},"5":{"name":"(anonymous_5)","decl":{"start":{"line":11,"column":59},"end":{"line":11,"column":60}},"loc":{"start":{"line":11,"column":64},"end":{"line":11,"column":72}},"line":11},"6":{"name":"calculateConvergenceRate","decl":{"start":{"line":29,"column":9},"end":{"line":29,"column":33}},"loc":{"start":{"line":29,"column":41},"end":{"line":41,"column":1}},"line":29},"7":{"name":"(anonymous_7)","decl":{"start":{"line":32,"column":31},"end":{"line":32,"column":32}},"loc":{"start":{"line":32,"column":36},"end":{"line":32,"column":55}},"line":32},"8":{"name":"(anonymous_8)","decl":{"start":{"line":32,"column":61},"end":{"line":32,"column":62}},"loc":{"start":{"line":32,"column":66},"end":{"line":32,"column":74}},"line":32},"9":{"name":"(anonymous_9)","decl":{"start":{"line":33,"column":30},"end":{"line":33,"column":31}},"loc":{"start":{"line":33,"column":35},"end":{"line":33,"column":53}},"line":33},"10":{"name":"(anonymous_10)","decl":{"start":{"line":33,"column":59},"end":{"line":33,"column":60}},"loc":{"start":{"line":33,"column":64},"end":{"line":33,"column":72}},"line":33},"11":{"name":"predictSettlement","decl":{"start":{"line":44,"column":9},"end":{"line":44,"column":26}},"loc":{"start":{"line":44,"column":34},"end":{"line":63,"column":1}},"line":44},"12":{"name":"(anonymous_12)","decl":{"start":{"line":47,"column":31},"end":{"line":47,"column":32}},"loc":{"start":{"line":47,"column":36},"end":{"line":47,"column":55}},"line":47},"13":{"name":"(anonymous_13)","decl":{"start":{"line":47,"column":61},"end":{"line":47,"column":62}},"loc":{"start":{"line":47,"column":66},"end":{"line":47,"column":74}},"line":47},"14":{"name":"(anonymous_14)","decl":{"start":{"line":48,"column":30},"end":{"line":48,"column":31}},"loc":{"start":{"line":48,"column":35},"end":{"line":48,"column":53}},"line":48},"15":{"name":"(anonymous_15)","decl":{"start":{"line":48,"column":59},"end":{"line":48,"column":60}},"loc":{"start":{"line":48,"column":64},"end":{"line":48,"column":72}},"line":48},"16":{"name":"(anonymous_16)","decl":{"start":{"line":59,"column":42},"end":{"line":59,"column":43}},"loc":{"start":{"line":59,"column":54},"end":{"line":59,"column":68}},"line":59},"17":{"name":"calculateMidpointOfMidpoints","decl":{"start":{"line":66,"column":9},"end":{"line":66,"column":37}},"loc":{"start":{"line":66,"column":45},"end":{"line":82,"column":1}},"line":66},"18":{"name":"(anonymous_18)","decl":{"start":{"line":69,"column":31},"end":{"line":69,"column":32}},"loc":{"start":{"line":69,"column":36},"end":{"line":69,"column":55}},"line":69},"19":{"name":"(anonymous_19)","decl":{"start":{"line":69,"column":61},"end":{"line":69,"column":62}},"loc":{"start":{"line":69,"column":66},"end":{"line":69,"column":74}},"line":69},"20":{"name":"(anonymous_20)","decl":{"start":{"line":70,"column":30},"end":{"line":70,"column":31}},"loc":{"start":{"line":70,"column":35},"end":{"line":70,"column":53}},"line":70},"21":{"name":"(anonymous_21)","decl":{"start":{"line":70,"column":59},"end":{"line":70,"column":60}},"loc":{"start":{"line":70,"column":64},"end":{"line":70,"column":72}},"line":70},"22":{"name":"(anonymous_22)","decl":{"start":{"line":81,"column":49},"end":{"line":81,"column":50}},"loc":{"start":{"line":81,"column":59},"end":{"line":81,"column":64}},"line":81},"23":{"name":"calculateConfidence","decl":{"start":{"line":85,"column":9},"end":{"line":85,"column":28}},"loc":{"start":{"line":85,"column":36},"end":{"line":96,"column":1}},"line":85},"24":{"name":"determineStatus","decl":{"start":{"line":99,"column":9},"end":{"line":99,"column":24}},"loc":{"start":{"line":99,"column":32},"end":{"line":118,"column":1}},"line":99},"25":{"name":"(anonymous_25)","decl":{"start":{"line":102,"column":31},"end":{"line":102,"column":32}},"loc":{"start":{"line":102,"column":36},"end":{"line":102,"column":55}},"line":102},"26":{"name":"(anonymous_26)","decl":{"start":{"line":103,"column":30},"end":{"line":103,"column":31}},"loc":{"start":{"line":103,"column":35},"end":{"line":103,"column":53}},"line":103},"27":{"name":"calculateAnalytics","decl":{"start":{"line":121,"column":9},"end":{"line":121,"column":27}},"loc":{"start":{"line":121,"column":35},"end":{"line":137,"column":1}},"line":121},"28":{"name":"(anonymous_28)","decl":{"start":{"line":124,"column":19},"end":{"line":124,"column":20}},"loc":{"start":{"line":124,"column":24},"end":{"line":124,"column":43}},"line":124},"29":{"name":"(anonymous_29)","decl":{"start":{"line":125,"column":19},"end":{"line":125,"column":20}},"loc":{"start":{"line":125,"column":24},"end":{"line":125,"column":42}},"line":125},"30":{"name":"calculateRecommendedMove","decl":{"start":{"line":170,"column":9},"end":{"line":170,"column":33}},"loc":{"start":{"line":170,"column":54},"end":{"line":238,"column":1}},"line":170},"31":{"name":"(anonymous_31)","decl":{"start":{"line":175,"column":31},"end":{"line":175,"column":32}},"loc":{"start":{"line":175,"column":36},"end":{"line":175,"column":55}},"line":175},"32":{"name":"(anonymous_32)","decl":{"start":{"line":176,"column":30},"end":{"line":176,"column":31}},"loc":{"start":{"line":176,"column":35},"end":{"line":176,"column":53}},"line":176},"33":{"name":"generateMoveReasoning","decl":{"start":{"line":243,"column":9},"end":{"line":243,"column":30}},"loc":{"start":{"line":243,"column":102},"end":{"line":264,"column":1}},"line":243}},"branchMap":{"0":{"loc":{"start":{"line":8,"column":2},"end":{"line":8,"column":33}},"type":"if","locations":[{"start":{"line":8,"column":2},"end":{"line":8,"column":33}},{"start":{},"end":{}}],"line":8},"1":{"loc":{"start":{"line":13,"column":2},"end":{"line":13,"column":60}},"type":"if","locations":[{"start":{"line":13,"column":2},"end":{"line":13,"column":60}},{"start":{},"end":{}}],"line":13},"2":{"loc":{"start":{"line":13,"column":6},"end":{"line":13,"column":49}},"type":"binary-expr","locations":[{"start":{"line":13,"column":6},"end":{"line":13,"column":26}},{"start":{"line":13,"column":30},"end":{"line":13,"column":49}}],"line":13},"3":{"loc":{"start":{"line":30,"column":2},"end":{"line":30,"column":33}},"type":"if","locations":[{"start":{"line":30,"column":2},"end":{"line":30,"column":33}},{"start":{},"end":{}}],"line":30},"4":{"loc":{"start":{"line":35,"column":2},"end":{"line":35,"column":60}},"type":"if","locations":[{"start":{"line":35,"column":2},"end":{"line":35,"column":60}},{"start":{},"end":{}}],"line":35},"5":{"loc":{"start":{"line":35,"column":6},"end":{"line":35,"column":49}},"type":"binary-expr","locations":[{"start":{"line":35,"column":6},"end":{"line":35,"column":26}},{"start":{"line":35,"column":30},"end":{"line":35,"column":49}}],"line":35},"6":{"loc":{"start":{"line":40,"column":9},"end":{"line":40,"column":71}},"type":"cond-expr","locations":[{"start":{"line":40,"column":28},"end":{"line":40,"column":29}},{"start":{"line":40,"column":32},"end":{"line":40,"column":71}}],"line":40},"7":{"loc":{"start":{"line":45,"column":2},"end":{"line":45,"column":36}},"type":"if","locations":[{"start":{"line":45,"column":2},"end":{"line":45,"column":36}},{"start":{},"end":{}}],"line":45},"8":{"loc":{"start":{"line":50,"column":2},"end":{"line":50,"column":63}},"type":"if","locations":[{"start":{"line":50,"column":2},"end":{"line":50,"column":63}},{"start":{},"end":{}}],"line":50},"9":{"loc":{"start":{"line":50,"column":6},"end":{"line":50,"column":49}},"type":"binary-expr","locations":[{"start":{"line":50,"column":6},"end":{"line":50,"column":26}},{"start":{"line":50,"column":30},"end":{"line":50,"column":49}}],"line":50},"10":{"loc":{"start":{"line":67,"column":2},"end":{"line":67,"column":36}},"type":"if","locations":[{"start":{"line":67,"column":2},"end":{"line":67,"column":36}},{"start":{},"end":{}}],"line":67},"11":{"loc":{"start":{"line":72,"column":2},"end":{"line":72,"column":63}},"type":"if","locations":[{"start":{"line":72,"column":2},"end":{"line":72,"column":63}},{"start":{},"end":{}}],"line":72},"12":{"loc":{"start":{"line":72,"column":6},"end":{"line":72,"column":49}},"type":"binary-expr","locations":[{"start":{"line":72,"column":6},"end":{"line":72,"column":26}},{"start":{"line":72,"column":30},"end":{"line":72,"column":49}}],"line":72},"13":{"loc":{"start":{"line":81,"column":9},"end":{"line":81,"column":91}},"type":"cond-expr","locations":[{"start":{"line":81,"column":32},"end":{"line":81,"column":84}},{"start":{"line":81,"column":87},"end":{"line":81,"column":91}}],"line":81},"14":{"loc":{"start":{"line":86,"column":2},"end":{"line":86,"column":33}},"type":"if","locations":[{"start":{"line":86,"column":2},"end":{"line":86,"column":33}},{"start":{},"end":{}}],"line":86},"15":{"loc":{"start":{"line":100,"column":2},"end":{"line":100,"column":45}},"type":"if","locations":[{"start":{"line":100,"column":2},"end":{"line":100,"column":45}},{"start":{},"end":{}}],"line":100},"16":{"loc":{"start":{"line":105,"column":2},"end":{"line":105,"column":67}},"type":"if","locations":[{"start":{"line":105,"column":2},"end":{"line":105,"column":67}},{"start":{},"end":{}}],"line":105},"17":{"loc":{"start":{"line":105,"column":6},"end":{"line":105,"column":49}},"type":"binary-expr","locations":[{"start":{"line":105,"column":6},"end":{"line":105,"column":26}},{"start":{"line":105,"column":30},"end":{"line":105,"column":49}}],"line":105},"18":{"loc":{"start":{"line":113,"column":2},"end":{"line":115,"column":3}},"type":"if","locations":[{"start":{"line":113,"column":2},"end":{"line":115,"column":3}},{"start":{},"end":{}}],"line":113},"19":{"loc":{"start":{"line":122,"column":26},"end":{"line":126,"column":12}},"type":"cond-expr","locations":[{"start":{"line":123,"column":4},"end":{"line":126,"column":5}},{"start":{"line":126,"column":8},"end":{"line":126,"column":12}}],"line":122},"20":{"loc":{"start":{"line":124,"column":6},"end":{"line":124,"column":63}},"type":"binary-expr","locations":[{"start":{"line":124,"column":6},"end":{"line":124,"column":58}},{"start":{"line":124,"column":62},"end":{"line":124,"column":63}}],"line":124},"21":{"loc":{"start":{"line":125,"column":6},"end":{"line":125,"column":62}},"type":"binary-expr","locations":[{"start":{"line":125,"column":6},"end":{"line":125,"column":57}},{"start":{"line":125,"column":61},"end":{"line":125,"column":62}}],"line":125},"22":{"loc":{"start":{"line":171,"column":2},"end":{"line":173,"column":3}},"type":"if","locations":[{"start":{"line":171,"column":2},"end":{"line":173,"column":3}},{"start":{},"end":{}}],"line":171},"23":{"loc":{"start":{"line":171,"column":6},"end":{"line":171,"column":34}},"type":"binary-expr","locations":[{"start":{"line":171,"column":6},"end":{"line":171,"column":12}},{"start":{"line":171,"column":16},"end":{"line":171,"column":34}}],"line":171},"24":{"loc":{"start":{"line":178,"column":2},"end":{"line":180,"column":3}},"type":"if","locations":[{"start":{"line":178,"column":2},"end":{"line":180,"column":3}},{"start":{},"end":{}}],"line":178},"25":{"loc":{"start":{"line":178,"column":6},"end":{"line":178,"column":49}},"type":"binary-expr","locations":[{"start":{"line":178,"column":6},"end":{"line":178,"column":26}},{"start":{"line":178,"column":30},"end":{"line":178,"column":49}}],"line":178},"26":{"loc":{"start":{"line":188,"column":25},"end":{"line":188,"column":78}},"type":"cond-expr","locations":[{"start":{"line":188,"column":53},"end":{"line":188,"column":64}},{"start":{"line":188,"column":67},"end":{"line":188,"column":78}}],"line":188},"27":{"loc":{"start":{"line":196,"column":2},"end":{"line":220,"column":3}},"type":"if","locations":[{"start":{"line":196,"column":2},"end":{"line":220,"column":3}},{"start":{"line":209,"column":9},"end":{"line":220,"column":3}}],"line":196},"28":{"loc":{"start":{"line":200,"column":4},"end":{"line":208,"column":5}},"type":"if","locations":[{"start":{"line":200,"column":4},"end":{"line":208,"column":5}},{"start":{"line":204,"column":11},"end":{"line":208,"column":5}}],"line":200},"29":{"loc":{"start":{"line":213,"column":4},"end":{"line":219,"column":5}},"type":"if","locations":[{"start":{"line":213,"column":4},"end":{"line":219,"column":5}},{"start":{"line":216,"column":11},"end":{"line":219,"column":5}}],"line":213},"30":{"loc":{"start":{"line":224,"column":2},"end":{"line":229,"column":3}},"type":"if","locations":[{"start":{"line":224,"column":2},"end":{"line":229,"column":3}},{"start":{},"end":{}}],"line":224},"31":{"loc":{"start":{"line":226,"column":24},"end":{"line":228,"column":71}},"type":"cond-expr","locations":[{"start":{"line":227,"column":8},"end":{"line":227,"column":73}},{"start":{"line":228,"column":8},"end":{"line":228,"column":71}}],"line":226},"32":{"loc":{"start":{"line":233,"column":10},"end":{"line":233,"column":63}},"type":"cond-expr","locations":[{"start":{"line":233,"column":45},"end":{"line":233,"column":53}},{"start":{"line":233,"column":56},"end":{"line":233,"column":63}}],"line":233},"33":{"loc":{"start":{"line":249,"column":2},"end":{"line":255,"column":3}},"type":"if","locations":[{"start":{"line":249,"column":2},"end":{"line":255,"column":3}},{"start":{"line":251,"column":9},"end":{"line":255,"column":3}}],"line":249},"34":{"loc":{"start":{"line":251,"column":9},"end":{"line":255,"column":3}},"type":"if","locations":[{"start":{"line":251,"column":9},"end":{"line":255,"column":3}},{"start":{"line":253,"column":9},"end":{"line":255,"column":3}}],"line":251},"35":{"loc":{"start":{"line":257,"column":2},"end":{"line":261,"column":3}},"type":"if","locations":[{"start":{"line":257,"column":2},"end":{"line":261,"column":3}},{"start":{"line":259,"column":9},"end":{"line":261,"column":3}}],"line":257}},"s":{"0":2,"1":13,"2":9,"3":4,"4":8,"5":4,"6":4,"7":8,"8":4,"9":4,"10":0,"11":4,"12":4,"13":4,"14":4,"15":4,"16":4,"17":4,"18":13,"19":9,"20":4,"21":8,"22":4,"23":4,"24":8,"25":4,"26":4,"27":0,"28":4,"29":4,"30":4,"31":11,"32":9,"33":2,"34":4,"35":2,"36":2,"37":4,"38":2,"39":2,"40":0,"41":2,"42":2,"43":2,"44":2,"45":4,"46":2,"47":2,"48":11,"49":9,"50":2,"51":4,"52":2,"53":2,"54":4,"55":2,"56":2,"57":0,"58":2,"59":2,"60":2,"61":2,"62":2,"63":2,"64":0,"65":11,"66":9,"67":2,"68":2,"69":2,"70":2,"71":11,"72":2,"73":9,"74":11,"75":9,"76":11,"77":9,"78":7,"79":2,"80":2,"81":2,"82":2,"83":0,"84":2,"85":11,"86":4,"87":4,"88":11,"89":0,"90":0,"91":0,"92":0,"93":0,"94":0,"95":0,"96":0,"97":0,"98":0,"99":0,"100":0,"101":0,"102":0,"103":0,"104":0,"105":0,"106":0,"107":0,"108":0,"109":0,"110":0,"111":0,"112":0,"113":0,"114":0,"115":0,"116":0,"117":0,"118":0,"119":0,"120":0,"121":0,"122":0,"123":0,"124":0,"125":0,"126":0,"127":0,"128":0,"129":0,"130":0,"131":0,"132":0,"133":4},"f":{"0":2,"1":13,"2":8,"3":4,"4":8,"5":4,"6":13,"7":8,"8":4,"9":8,"10":4,"11":11,"12":4,"13":2,"14":4,"15":2,"16":4,"17":11,"18":4,"19":2,"20":4,"21":2,"22":0,"23":11,"24":11,"25":11,"26":11,"27":11,"28":4,"29":4,"30":0,"31":0,"32":0,"33":0},"b":{"0":[9,4],"1":[0,4],"2":[4,4],"3":[9,4],"4":[0,4],"5":[4,4],"6":[0,4],"7":[9,2],"8":[0,2],"9":[2,2],"10":[9,2],"11":[0,2],"12":[2,2],"13":[2,0],"14":[9,2],"15":[2,9],"16":[7,2],"17":[9,8],"18":[0,2],"19":[2,9],"20":[2,0],"21":[2,0],"22":[0,0],"23":[0,0],"24":[0,0],"25":[0,0],"26":[0,0],"27":[0,0],"28":[0,0],"29":[0,0],"30":[0,0],"31":[0,0],"32":[0,0],"33":[0,0],"34":[0,0],"35":[0,0]},"_coverageSchema":"1a1c01bbd47fc00a2c39e90264f33305004495a9","hash":"286b4305746f38ce9b166dda9995d9080ac61a85"}
,"/Users/erbyfischer/Documents/beginners-luck/negotiation-engine/server/database.js": {"path":"/Users/erbyfischer/Documents/beginners-luck/negotiation-engine/server/database.js","statementMap":{"0":{"start":{"line":1,"column":16},"end":{"line":1,"column":44}},"1":{"start":{"line":2,"column":13},"end":{"line":2,"column":28}},"2":{"start":{"line":5,"column":16},"end":{"line":7,"column":46}},"3":{"start":{"line":8,"column":16},"end":{"line":8,"column":45}},"4":{"start":{"line":11,"column":19},"end":{"line":11,"column":23}},"5":{"start":{"line":17,"column":2},"end":{"line":24,"column":3}},"6":{"start":{"line":18,"column":4},"end":{"line":23,"column":7}},"7":{"start":{"line":19,"column":6},"end":{"line":22,"column":7}},"8":{"start":{"line":20,"column":8},"end":{"line":20,"column":57}},"9":{"start":{"line":21,"column":8},"end":{"line":21,"column":28}},"10":{"start":{"line":25,"column":2},"end":{"line":25,"column":22}},"11":{"start":{"line":32,"column":13},"end":{"line":32,"column":28}},"12":{"start":{"line":33,"column":38},"end":{"line":33,"column":46}},"13":{"start":{"line":34,"column":23},"end":{"line":34,"column":47}},"14":{"start":{"line":36,"column":2},"end":{"line":46,"column":4}},"15":{"start":{"line":40,"column":6},"end":{"line":44,"column":7}},"16":{"start":{"line":41,"column":8},"end":{"line":41,"column":28}},"17":{"start":{"line":43,"column":8},"end":{"line":43,"column":68}},"18":{"start":{"line":53,"column":13},"end":{"line":53,"column":28}},"19":{"start":{"line":54,"column":2},"end":{"line":60,"column":4}},"20":{"start":{"line":58,"column":6},"end":{"line":58,"column":25}},"21":{"start":{"line":67,"column":13},"end":{"line":67,"column":28}},"22":{"start":{"line":69,"column":2},"end":{"line":186,"column":5}},"23":{"start":{"line":71,"column":4},"end":{"line":80,"column":7}},"24":{"start":{"line":79,"column":6},"end":{"line":79,"column":65}},"25":{"start":{"line":79,"column":15},"end":{"line":79,"column":65}},"26":{"start":{"line":83,"column":4},"end":{"line":111,"column":7}},"27":{"start":{"line":110,"column":6},"end":{"line":110,"column":72}},"28":{"start":{"line":110,"column":15},"end":{"line":110,"column":72}},"29":{"start":{"line":114,"column":4},"end":{"line":127,"column":7}},"30":{"start":{"line":126,"column":6},"end":{"line":126,"column":65}},"31":{"start":{"line":126,"column":15},"end":{"line":126,"column":65}},"32":{"start":{"line":130,"column":4},"end":{"line":145,"column":7}},"33":{"start":{"line":144,"column":6},"end":{"line":144,"column":72}},"34":{"start":{"line":144,"column":15},"end":{"line":144,"column":72}},"35":{"start":{"line":148,"column":4},"end":{"line":163,"column":7}},"36":{"start":{"line":162,"column":6},"end":{"line":162,"column":68}},"37":{"start":{"line":162,"column":15},"end":{"line":162,"column":68}},"38":{"start":{"line":166,"column":4},"end":{"line":185,"column":7}},"39":{"start":{"line":180,"column":6},"end":{"line":182,"column":7}},"40":{"start":{"line":181,"column":8},"end":{"line":181,"column":71}},"41":{"start":{"line":184,"column":6},"end":{"line":184,"column":31}},"42":{"start":{"line":184,"column":20},"end":{"line":184,"column":31}},"43":{"start":{"line":193,"column":13},"end":{"line":193,"column":28}},"44":{"start":{"line":198,"column":6},"end":{"line":198,"column":21}},"45":{"start":{"line":200,"column":14},"end":{"line":200,"column":38}},"46":{"start":{"line":202,"column":2},"end":{"line":217,"column":4}},"47":{"start":{"line":211,"column":6},"end":{"line":215,"column":7}},"48":{"start":{"line":212,"column":8},"end":{"line":212,"column":28}},"49":{"start":{"line":214,"column":8},"end":{"line":214,"column":120}},"50":{"start":{"line":224,"column":13},"end":{"line":224,"column":28}},"51":{"start":{"line":225,"column":2},"end":{"line":227,"column":5}},"52":{"start":{"line":226,"column":4},"end":{"line":226,"column":30}},"53":{"start":{"line":234,"column":13},"end":{"line":234,"column":28}},"54":{"start":{"line":235,"column":2},"end":{"line":237,"column":5}},"55":{"start":{"line":236,"column":4},"end":{"line":236,"column":30}},"56":{"start":{"line":244,"column":13},"end":{"line":244,"column":28}},"57":{"start":{"line":245,"column":2},"end":{"line":247,"column":5}},"58":{"start":{"line":246,"column":4},"end":{"line":246,"column":23}},"59":{"start":{"line":254,"column":13},"end":{"line":254,"column":28}},"60":{"start":{"line":255,"column":14},"end":{"line":255,"column":38}},"61":{"start":{"line":256,"column":2},"end":{"line":256,"column":29}},"62":{"start":{"line":258,"column":17},"end":{"line":258,"column":73}},"63":{"start":{"line":258,"column":49},"end":{"line":258,"column":61}},"64":{"start":{"line":259,"column":17},"end":{"line":259,"column":39}},"65":{"start":{"line":261,"column":2},"end":{"line":263,"column":5}},"66":{"start":{"line":262,"column":4},"end":{"line":262,"column":38}},"67":{"start":{"line":270,"column":13},"end":{"line":270,"column":28}},"68":{"start":{"line":271,"column":2},"end":{"line":273,"column":5}},"69":{"start":{"line":272,"column":4},"end":{"line":272,"column":18}},"70":{"start":{"line":280,"column":13},"end":{"line":280,"column":28}},"71":{"start":{"line":281,"column":57},"end":{"line":281,"column":65}},"72":{"start":{"line":282,"column":20},"end":{"line":282,"column":44}},"73":{"start":{"line":284,"column":2},"end":{"line":295,"column":4}},"74":{"start":{"line":289,"column":6},"end":{"line":293,"column":7}},"75":{"start":{"line":290,"column":8},"end":{"line":290,"column":28}},"76":{"start":{"line":292,"column":8},"end":{"line":292,"column":68}},"77":{"start":{"line":302,"column":13},"end":{"line":302,"column":28}},"78":{"start":{"line":303,"column":2},"end":{"line":309,"column":4}},"79":{"start":{"line":307,"column":6},"end":{"line":307,"column":32}},"80":{"start":{"line":316,"column":13},"end":{"line":316,"column":28}},"81":{"start":{"line":317,"column":2},"end":{"line":323,"column":4}},"82":{"start":{"line":321,"column":6},"end":{"line":321,"column":25}},"83":{"start":{"line":330,"column":13},"end":{"line":330,"column":28}},"84":{"start":{"line":331,"column":2},"end":{"line":333,"column":5}},"85":{"start":{"line":332,"column":4},"end":{"line":332,"column":18}},"86":{"start":{"line":340,"column":13},"end":{"line":340,"column":28}},"87":{"start":{"line":341,"column":103},"end":{"line":341,"column":111}},"88":{"start":{"line":342,"column":20},"end":{"line":342,"column":44}},"89":{"start":{"line":344,"column":2},"end":{"line":351,"column":4}},"90":{"start":{"line":349,"column":6},"end":{"line":349,"column":20}},"91":{"start":{"line":358,"column":13},"end":{"line":358,"column":28}},"92":{"start":{"line":359,"column":98},"end":{"line":359,"column":109}},"93":{"start":{"line":360,"column":21},"end":{"line":360,"column":45}},"94":{"start":{"line":362,"column":2},"end":{"line":373,"column":4}},"95":{"start":{"line":367,"column":6},"end":{"line":371,"column":7}},"96":{"start":{"line":368,"column":8},"end":{"line":368,"column":28}},"97":{"start":{"line":370,"column":8},"end":{"line":370,"column":90}},"98":{"start":{"line":380,"column":13},"end":{"line":380,"column":28}},"99":{"start":{"line":381,"column":2},"end":{"line":387,"column":4}},"100":{"start":{"line":385,"column":6},"end":{"line":385,"column":32}},"101":{"start":{"line":394,"column":13},"end":{"line":394,"column":28}},"102":{"start":{"line":395,"column":28},"end":{"line":395,"column":35}},"103":{"start":{"line":397,"column":2},"end":{"line":403,"column":4}},"104":{"start":{"line":401,"column":6},"end":{"line":401,"column":20}},"105":{"start":{"line":410,"column":13},"end":{"line":410,"column":28}},"106":{"start":{"line":411,"column":54},"end":{"line":411,"column":66}},"107":{"start":{"line":412,"column":21},"end":{"line":412,"column":45}},"108":{"start":{"line":415,"column":2},"end":{"line":443,"column":5}},"109":{"start":{"line":416,"column":4},"end":{"line":419,"column":5}},"110":{"start":{"line":417,"column":6},"end":{"line":417,"column":26}},"111":{"start":{"line":418,"column":6},"end":{"line":418,"column":13}},"112":{"start":{"line":421,"column":4},"end":{"line":442,"column":6}},"113":{"start":{"line":426,"column":8},"end":{"line":440,"column":9}},"114":{"start":{"line":427,"column":10},"end":{"line":427,"column":30}},"115":{"start":{"line":429,"column":10},"end":{"line":439,"column":13}},"116":{"start":{"line":450,"column":13},"end":{"line":450,"column":28}},"117":{"start":{"line":451,"column":2},"end":{"line":457,"column":4}},"118":{"start":{"line":455,"column":6},"end":{"line":455,"column":25}},"119":{"start":{"line":464,"column":13},"end":{"line":464,"column":28}},"120":{"start":{"line":465,"column":61},"end":{"line":465,"column":68}},"121":{"start":{"line":468,"column":14},"end":{"line":468,"column":46}},"122":{"start":{"line":469,"column":15},"end":{"line":469,"column":17}},"123":{"start":{"line":470,"column":13},"end":{"line":470,"column":15}},"124":{"start":{"line":472,"column":2},"end":{"line":475,"column":3}},"125":{"start":{"line":473,"column":4},"end":{"line":473,"column":40}},"126":{"start":{"line":474,"column":4},"end":{"line":474,"column":36}},"127":{"start":{"line":476,"column":2},"end":{"line":479,"column":3}},"128":{"start":{"line":477,"column":4},"end":{"line":477,"column":40}},"129":{"start":{"line":478,"column":4},"end":{"line":478,"column":36}},"130":{"start":{"line":480,"column":2},"end":{"line":483,"column":3}},"131":{"start":{"line":481,"column":4},"end":{"line":481,"column":28}},"132":{"start":{"line":482,"column":4},"end":{"line":482,"column":24}},"133":{"start":{"line":485,"column":2},"end":{"line":485,"column":57}},"134":{"start":{"line":486,"column":2},"end":{"line":486,"column":30}},"135":{"start":{"line":488,"column":2},"end":{"line":490,"column":5}},"136":{"start":{"line":489,"column":4},"end":{"line":489,"column":18}},"137":{"start":{"line":497,"column":13},"end":{"line":497,"column":28}},"138":{"start":{"line":498,"column":14},"end":{"line":498,"column":38}},"139":{"start":{"line":500,"column":2},"end":{"line":508,"column":4}},"140":{"start":{"line":506,"column":6},"end":{"line":506,"column":34}},"141":{"start":{"line":511,"column":0},"end":{"line":541,"column":2}},"142":{"start":{"line":535,"column":4},"end":{"line":538,"column":5}},"143":{"start":{"line":536,"column":6},"end":{"line":536,"column":27}},"144":{"start":{"line":537,"column":6},"end":{"line":537,"column":26}}},"fnMap":{"0":{"name":"getConnection","decl":{"start":{"line":16,"column":9},"end":{"line":16,"column":22}},"loc":{"start":{"line":16,"column":25},"end":{"line":26,"column":1}},"line":16},"1":{"name":"(anonymous_1)","decl":{"start":{"line":18,"column":49},"end":{"line":18,"column":50}},"loc":{"start":{"line":18,"column":58},"end":{"line":23,"column":5}},"line":18},"2":{"name":"createUser","decl":{"start":{"line":31,"column":9},"end":{"line":31,"column":19}},"loc":{"start":{"line":31,"column":40},"end":{"line":47,"column":1}},"line":31},"3":{"name":"(anonymous_3)","decl":{"start":{"line":39,"column":4},"end":{"line":39,"column":5}},"loc":{"start":{"line":39,"column":18},"end":{"line":45,"column":5}},"line":39},"4":{"name":"getUserByUsername","decl":{"start":{"line":52,"column":9},"end":{"line":52,"column":26}},"loc":{"start":{"line":52,"column":47},"end":{"line":61,"column":1}},"line":52},"5":{"name":"(anonymous_5)","decl":{"start":{"line":57,"column":4},"end":{"line":57,"column":5}},"loc":{"start":{"line":57,"column":18},"end":{"line":59,"column":5}},"line":57},"6":{"name":"initializeDatabase","decl":{"start":{"line":66,"column":9},"end":{"line":66,"column":27}},"loc":{"start":{"line":66,"column":38},"end":{"line":187,"column":1}},"line":66},"7":{"name":"(anonymous_7)","decl":{"start":{"line":69,"column":15},"end":{"line":69,"column":16}},"loc":{"start":{"line":69,"column":21},"end":{"line":186,"column":3}},"line":69},"8":{"name":"(anonymous_8)","decl":{"start":{"line":78,"column":7},"end":{"line":78,"column":8}},"loc":{"start":{"line":78,"column":16},"end":{"line":80,"column":5}},"line":78},"9":{"name":"(anonymous_9)","decl":{"start":{"line":109,"column":7},"end":{"line":109,"column":8}},"loc":{"start":{"line":109,"column":16},"end":{"line":111,"column":5}},"line":109},"10":{"name":"(anonymous_10)","decl":{"start":{"line":125,"column":7},"end":{"line":125,"column":8}},"loc":{"start":{"line":125,"column":16},"end":{"line":127,"column":5}},"line":125},"11":{"name":"(anonymous_11)","decl":{"start":{"line":143,"column":7},"end":{"line":143,"column":8}},"loc":{"start":{"line":143,"column":16},"end":{"line":145,"column":5}},"line":143},"12":{"name":"(anonymous_12)","decl":{"start":{"line":161,"column":7},"end":{"line":161,"column":8}},"loc":{"start":{"line":161,"column":16},"end":{"line":163,"column":5}},"line":161},"13":{"name":"(anonymous_13)","decl":{"start":{"line":179,"column":7},"end":{"line":179,"column":8}},"loc":{"start":{"line":179,"column":16},"end":{"line":185,"column":5}},"line":179},"14":{"name":"createNegotiation","decl":{"start":{"line":192,"column":9},"end":{"line":192,"column":26}},"loc":{"start":{"line":192,"column":54},"end":{"line":218,"column":1}},"line":192},"15":{"name":"(anonymous_15)","decl":{"start":{"line":210,"column":4},"end":{"line":210,"column":5}},"loc":{"start":{"line":210,"column":18},"end":{"line":216,"column":5}},"line":210},"16":{"name":"getAllNegotiations","decl":{"start":{"line":223,"column":9},"end":{"line":223,"column":27}},"loc":{"start":{"line":223,"column":38},"end":{"line":228,"column":1}},"line":223},"17":{"name":"(anonymous_17)","decl":{"start":{"line":225,"column":66},"end":{"line":225,"column":67}},"loc":{"start":{"line":225,"column":81},"end":{"line":227,"column":3}},"line":225},"18":{"name":"getAllNegotiationsByUser","decl":{"start":{"line":233,"column":9},"end":{"line":233,"column":33}},"loc":{"start":{"line":233,"column":52},"end":{"line":238,"column":1}},"line":233},"19":{"name":"(anonymous_19)","decl":{"start":{"line":235,"column":94},"end":{"line":235,"column":95}},"loc":{"start":{"line":235,"column":109},"end":{"line":237,"column":3}},"line":235},"20":{"name":"getNegotiationById","decl":{"start":{"line":243,"column":9},"end":{"line":243,"column":27}},"loc":{"start":{"line":243,"column":42},"end":{"line":248,"column":1}},"line":243},"21":{"name":"(anonymous_21)","decl":{"start":{"line":245,"column":58},"end":{"line":245,"column":59}},"loc":{"start":{"line":245,"column":72},"end":{"line":247,"column":3}},"line":245},"22":{"name":"updateNegotiation","decl":{"start":{"line":253,"column":9},"end":{"line":253,"column":26}},"loc":{"start":{"line":253,"column":50},"end":{"line":264,"column":1}},"line":253},"23":{"name":"(anonymous_23)","decl":{"start":{"line":258,"column":42},"end":{"line":258,"column":43}},"loc":{"start":{"line":258,"column":49},"end":{"line":258,"column":61}},"line":258},"24":{"name":"(anonymous_24)","decl":{"start":{"line":261,"column":76},"end":{"line":261,"column":77}},"loc":{"start":{"line":261,"column":90},"end":{"line":263,"column":3}},"line":261},"25":{"name":"deleteNegotiation","decl":{"start":{"line":269,"column":9},"end":{"line":269,"column":26}},"loc":{"start":{"line":269,"column":41},"end":{"line":274,"column":1}},"line":269},"26":{"name":"(anonymous_26)","decl":{"start":{"line":271,"column":56},"end":{"line":271,"column":57}},"loc":{"start":{"line":271,"column":70},"end":{"line":273,"column":3}},"line":271},"27":{"name":"addMove","decl":{"start":{"line":279,"column":9},"end":{"line":279,"column":16}},"loc":{"start":{"line":279,"column":37},"end":{"line":296,"column":1}},"line":279},"28":{"name":"(anonymous_28)","decl":{"start":{"line":288,"column":4},"end":{"line":288,"column":5}},"loc":{"start":{"line":288,"column":18},"end":{"line":294,"column":5}},"line":288},"29":{"name":"getMovesByNegotiationId","decl":{"start":{"line":301,"column":9},"end":{"line":301,"column":32}},"loc":{"start":{"line":301,"column":59},"end":{"line":310,"column":1}},"line":301},"30":{"name":"(anonymous_30)","decl":{"start":{"line":306,"column":4},"end":{"line":306,"column":5}},"loc":{"start":{"line":306,"column":19},"end":{"line":308,"column":5}},"line":306},"31":{"name":"getMoveById","decl":{"start":{"line":315,"column":9},"end":{"line":315,"column":20}},"loc":{"start":{"line":315,"column":39},"end":{"line":324,"column":1}},"line":315},"32":{"name":"(anonymous_32)","decl":{"start":{"line":320,"column":4},"end":{"line":320,"column":5}},"loc":{"start":{"line":320,"column":18},"end":{"line":322,"column":5}},"line":320},"33":{"name":"deleteMove","decl":{"start":{"line":329,"column":9},"end":{"line":329,"column":19}},"loc":{"start":{"line":329,"column":38},"end":{"line":334,"column":1}},"line":329},"34":{"name":"(anonymous_34)","decl":{"start":{"line":331,"column":53},"end":{"line":331,"column":54}},"loc":{"start":{"line":331,"column":67},"end":{"line":333,"column":3}},"line":331},"35":{"name":"saveCalculation","decl":{"start":{"line":339,"column":9},"end":{"line":339,"column":24}},"loc":{"start":{"line":339,"column":45},"end":{"line":352,"column":1}},"line":339},"36":{"name":"(anonymous_36)","decl":{"start":{"line":348,"column":4},"end":{"line":348,"column":5}},"loc":{"start":{"line":348,"column":18},"end":{"line":350,"column":5}},"line":348},"37":{"name":"createBracket","decl":{"start":{"line":357,"column":9},"end":{"line":357,"column":22}},"loc":{"start":{"line":357,"column":46},"end":{"line":374,"column":1}},"line":357},"38":{"name":"(anonymous_38)","decl":{"start":{"line":366,"column":4},"end":{"line":366,"column":5}},"loc":{"start":{"line":366,"column":18},"end":{"line":372,"column":5}},"line":366},"39":{"name":"getBracketsByNegotiationId","decl":{"start":{"line":379,"column":9},"end":{"line":379,"column":35}},"loc":{"start":{"line":379,"column":62},"end":{"line":388,"column":1}},"line":379},"40":{"name":"(anonymous_40)","decl":{"start":{"line":384,"column":4},"end":{"line":384,"column":5}},"loc":{"start":{"line":384,"column":19},"end":{"line":386,"column":5}},"line":384},"41":{"name":"updateBracket","decl":{"start":{"line":393,"column":9},"end":{"line":393,"column":22}},"loc":{"start":{"line":393,"column":53},"end":{"line":404,"column":1}},"line":393},"42":{"name":"(anonymous_42)","decl":{"start":{"line":400,"column":4},"end":{"line":400,"column":5}},"loc":{"start":{"line":400,"column":18},"end":{"line":402,"column":5}},"line":400},"43":{"name":"createMediatorProposal","decl":{"start":{"line":409,"column":9},"end":{"line":409,"column":31}},"loc":{"start":{"line":409,"column":56},"end":{"line":444,"column":1}},"line":409},"44":{"name":"(anonymous_44)","decl":{"start":{"line":415,"column":86},"end":{"line":415,"column":87}},"loc":{"start":{"line":415,"column":95},"end":{"line":443,"column":3}},"line":415},"45":{"name":"(anonymous_45)","decl":{"start":{"line":425,"column":6},"end":{"line":425,"column":7}},"loc":{"start":{"line":425,"column":20},"end":{"line":441,"column":7}},"line":425},"46":{"name":"getMediatorProposal","decl":{"start":{"line":449,"column":9},"end":{"line":449,"column":28}},"loc":{"start":{"line":449,"column":55},"end":{"line":458,"column":1}},"line":449},"47":{"name":"(anonymous_47)","decl":{"start":{"line":454,"column":4},"end":{"line":454,"column":5}},"loc":{"start":{"line":454,"column":18},"end":{"line":456,"column":5}},"line":454},"48":{"name":"updateMediatorProposal","decl":{"start":{"line":463,"column":9},"end":{"line":463,"column":31}},"loc":{"start":{"line":463,"column":67},"end":{"line":491,"column":1}},"line":463},"49":{"name":"(anonymous_49)","decl":{"start":{"line":488,"column":24},"end":{"line":488,"column":25}},"loc":{"start":{"line":488,"column":38},"end":{"line":490,"column":3}},"line":488},"50":{"name":"checkExpiredProposals","decl":{"start":{"line":496,"column":9},"end":{"line":496,"column":30}},"loc":{"start":{"line":496,"column":41},"end":{"line":509,"column":1}},"line":496},"51":{"name":"(anonymous_51)","decl":{"start":{"line":505,"column":4},"end":{"line":505,"column":5}},"loc":{"start":{"line":505,"column":18},"end":{"line":507,"column":5}},"line":505},"52":{"name":"(anonymous_52)","decl":{"start":{"line":534,"column":19},"end":{"line":534,"column":20}},"loc":{"start":{"line":534,"column":25},"end":{"line":539,"column":3}},"line":534}},"branchMap":{"0":{"loc":{"start":{"line":5,"column":16},"end":{"line":7,"column":46}},"type":"cond-expr","locations":[{"start":{"line":6,"column":4},"end":{"line":6,"column":26}},{"start":{"line":7,"column":5},"end":{"line":7,"column":45}}],"line":5},"1":{"loc":{"start":{"line":7,"column":5},"end":{"line":7,"column":45}},"type":"binary-expr","locations":[{"start":{"line":7,"column":5},"end":{"line":7,"column":24}},{"start":{"line":7,"column":28},"end":{"line":7,"column":45}}],"line":7},"2":{"loc":{"start":{"line":17,"column":2},"end":{"line":24,"column":3}},"type":"if","locations":[{"start":{"line":17,"column":2},"end":{"line":24,"column":3}},{"start":{},"end":{}}],"line":17},"3":{"loc":{"start":{"line":19,"column":6},"end":{"line":22,"column":7}},"type":"if","locations":[{"start":{"line":19,"column":6},"end":{"line":22,"column":7}},{"start":{},"end":{}}],"line":19},"4":{"loc":{"start":{"line":40,"column":6},"end":{"line":44,"column":7}},"type":"if","locations":[{"start":{"line":40,"column":6},"end":{"line":44,"column":7}},{"start":{"line":42,"column":13},"end":{"line":44,"column":7}}],"line":40},"5":{"loc":{"start":{"line":79,"column":6},"end":{"line":79,"column":65}},"type":"if","locations":[{"start":{"line":79,"column":6},"end":{"line":79,"column":65}},{"start":{},"end":{}}],"line":79},"6":{"loc":{"start":{"line":110,"column":6},"end":{"line":110,"column":72}},"type":"if","locations":[{"start":{"line":110,"column":6},"end":{"line":110,"column":72}},{"start":{},"end":{}}],"line":110},"7":{"loc":{"start":{"line":126,"column":6},"end":{"line":126,"column":65}},"type":"if","locations":[{"start":{"line":126,"column":6},"end":{"line":126,"column":65}},{"start":{},"end":{}}],"line":126},"8":{"loc":{"start":{"line":144,"column":6},"end":{"line":144,"column":72}},"type":"if","locations":[{"start":{"line":144,"column":6},"end":{"line":144,"column":72}},{"start":{},"end":{}}],"line":144},"9":{"loc":{"start":{"line":162,"column":6},"end":{"line":162,"column":68}},"type":"if","locations":[{"start":{"line":162,"column":6},"end":{"line":162,"column":68}},{"start":{},"end":{}}],"line":162},"10":{"loc":{"start":{"line":180,"column":6},"end":{"line":182,"column":7}},"type":"if","locations":[{"start":{"line":180,"column":6},"end":{"line":182,"column":7}},{"start":{},"end":{}}],"line":180},"11":{"loc":{"start":{"line":184,"column":6},"end":{"line":184,"column":31}},"type":"if","locations":[{"start":{"line":184,"column":6},"end":{"line":184,"column":31}},{"start":{},"end":{}}],"line":184},"12":{"loc":{"start":{"line":209,"column":55},"end":{"line":209,"column":78}},"type":"binary-expr","locations":[{"start":{"line":209,"column":55},"end":{"line":209,"column":70}},{"start":{"line":209,"column":74},"end":{"line":209,"column":78}}],"line":209},"13":{"loc":{"start":{"line":209,"column":80},"end":{"line":209,"column":93}},"type":"binary-expr","locations":[{"start":{"line":209,"column":80},"end":{"line":209,"column":85}},{"start":{"line":209,"column":89},"end":{"line":209,"column":93}}],"line":209},"14":{"loc":{"start":{"line":211,"column":6},"end":{"line":215,"column":7}},"type":"if","locations":[{"start":{"line":211,"column":6},"end":{"line":215,"column":7}},{"start":{"line":213,"column":13},"end":{"line":215,"column":7}}],"line":211},"15":{"loc":{"start":{"line":226,"column":18},"end":{"line":226,"column":28}},"type":"binary-expr","locations":[{"start":{"line":226,"column":18},"end":{"line":226,"column":22}},{"start":{"line":226,"column":26},"end":{"line":226,"column":28}}],"line":226},"16":{"loc":{"start":{"line":236,"column":18},"end":{"line":236,"column":28}},"type":"binary-expr","locations":[{"start":{"line":236,"column":18},"end":{"line":236,"column":22}},{"start":{"line":236,"column":26},"end":{"line":236,"column":28}}],"line":236},"17":{"loc":{"start":{"line":289,"column":6},"end":{"line":293,"column":7}},"type":"if","locations":[{"start":{"line":289,"column":6},"end":{"line":293,"column":7}},{"start":{"line":291,"column":13},"end":{"line":293,"column":7}}],"line":289},"18":{"loc":{"start":{"line":307,"column":20},"end":{"line":307,"column":30}},"type":"binary-expr","locations":[{"start":{"line":307,"column":20},"end":{"line":307,"column":24}},{"start":{"line":307,"column":28},"end":{"line":307,"column":30}}],"line":307},"19":{"loc":{"start":{"line":365,"column":95},"end":{"line":365,"column":108}},"type":"binary-expr","locations":[{"start":{"line":365,"column":95},"end":{"line":365,"column":100}},{"start":{"line":365,"column":104},"end":{"line":365,"column":108}}],"line":365},"20":{"loc":{"start":{"line":367,"column":6},"end":{"line":371,"column":7}},"type":"if","locations":[{"start":{"line":367,"column":6},"end":{"line":371,"column":7}},{"start":{"line":369,"column":13},"end":{"line":371,"column":7}}],"line":367},"21":{"loc":{"start":{"line":385,"column":20},"end":{"line":385,"column":30}},"type":"binary-expr","locations":[{"start":{"line":385,"column":20},"end":{"line":385,"column":24}},{"start":{"line":385,"column":28},"end":{"line":385,"column":30}}],"line":385},"22":{"loc":{"start":{"line":416,"column":4},"end":{"line":419,"column":5}},"type":"if","locations":[{"start":{"line":416,"column":4},"end":{"line":419,"column":5}},{"start":{},"end":{}}],"line":416},"23":{"loc":{"start":{"line":424,"column":53},"end":{"line":424,"column":66}},"type":"binary-expr","locations":[{"start":{"line":424,"column":53},"end":{"line":424,"column":58}},{"start":{"line":424,"column":62},"end":{"line":424,"column":66}}],"line":424},"24":{"loc":{"start":{"line":426,"column":8},"end":{"line":440,"column":9}},"type":"if","locations":[{"start":{"line":426,"column":8},"end":{"line":440,"column":9}},{"start":{"line":428,"column":15},"end":{"line":440,"column":9}}],"line":426},"25":{"loc":{"start":{"line":472,"column":2},"end":{"line":475,"column":3}},"type":"if","locations":[{"start":{"line":472,"column":2},"end":{"line":475,"column":3}},{"start":{},"end":{}}],"line":472},"26":{"loc":{"start":{"line":476,"column":2},"end":{"line":479,"column":3}},"type":"if","locations":[{"start":{"line":476,"column":2},"end":{"line":479,"column":3}},{"start":{},"end":{}}],"line":476},"27":{"loc":{"start":{"line":480,"column":2},"end":{"line":483,"column":3}},"type":"if","locations":[{"start":{"line":480,"column":2},"end":{"line":483,"column":3}},{"start":{},"end":{}}],"line":480},"28":{"loc":{"start":{"line":535,"column":4},"end":{"line":538,"column":5}},"type":"if","locations":[{"start":{"line":535,"column":4},"end":{"line":538,"column":5}},{"start":{},"end":{}}],"line":535}},"s":{"0":5,"1":5,"2":5,"3":5,"4":5,"5":264,"6":49,"7":49,"8":0,"9":0,"10":264,"11":43,"12":43,"13":43,"14":43,"15":43,"16":1,"17":42,"18":3,"19":3,"20":3,"21":49,"22":49,"23":49,"24":49,"25":0,"26":49,"27":49,"28":0,"29":49,"30":49,"31":0,"32":49,"33":49,"34":0,"35":49,"36":49,"37":0,"38":49,"39":49,"40":0,"41":49,"42":49,"43":40,"44":40,"45":40,"46":40,"47":40,"48":0,"49":40,"50":0,"51":0,"52":0,"53":1,"54":1,"55":1,"56":54,"57":54,"58":54,"59":1,"60":1,"61":1,"62":1,"63":3,"64":1,"65":1,"66":1,"67":1,"68":1,"69":1,"70":8,"71":8,"72":8,"73":8,"74":8,"75":0,"76":8,"77":14,"78":14,"79":14,"80":1,"81":1,"82":1,"83":1,"84":1,"85":1,"86":8,"87":8,"88":8,"89":8,"90":8,"91":7,"92":7,"93":7,"94":7,"95":7,"96":0,"97":7,"98":4,"99":4,"100":4,"101":2,"102":2,"103":2,"104":2,"105":8,"106":8,"107":8,"108":8,"109":8,"110":0,"111":0,"112":8,"113":8,"114":0,"115":8,"116":13,"117":13,"118":13,"119":6,"120":6,"121":6,"122":6,"123":6,"124":6,"125":3,"126":3,"127":6,"128":3,"129":3,"130":6,"131":6,"132":6,"133":6,"134":6,"135":6,"136":6,"137":0,"138":0,"139":0,"140":0,"141":5,"142":49,"143":49,"144":49},"f":{"0":264,"1":49,"2":43,"3":43,"4":3,"5":3,"6":49,"7":49,"8":49,"9":49,"10":49,"11":49,"12":49,"13":49,"14":40,"15":40,"16":0,"17":0,"18":1,"19":1,"20":54,"21":54,"22":1,"23":3,"24":1,"25":1,"26":1,"27":8,"28":8,"29":14,"30":14,"31":1,"32":1,"33":1,"34":1,"35":8,"36":8,"37":7,"38":7,"39":4,"40":4,"41":2,"42":2,"43":8,"44":8,"45":8,"46":13,"47":13,"48":6,"49":6,"50":0,"51":0,"52":49},"b":{"0":[5,0],"1":[0,0],"2":[49,215],"3":[0,49],"4":[1,42],"5":[0,49],"6":[0,49],"7":[0,49],"8":[0,49],"9":[0,49],"10":[0,49],"11":[49,0],"12":[40,40],"13":[40,40],"14":[0,40],"15":[0,0],"16":[1,0],"17":[0,8],"18":[14,0],"19":[7,2],"20":[0,7],"21":[4,0],"22":[0,8],"23":[8,0],"24":[0,8],"25":[3,3],"26":[3,3],"27":[6,0],"28":[49,0]},"_coverageSchema":"1a1c01bbd47fc00a2c39e90264f33305004495a9","hash":"23940ad6d1c37327ef038cfcfbb99b475057a4f6"}
,"/Users/erbyfischer/Documents/beginners-luck/negotiation-engine/server/index.js": {"path":"/Users/erbyfischer/Documents/beginners-luck/negotiation-engine/server/index.js","statementMap":{"0":{"start":{"line":1,"column":16},"end":{"line":1,"column":34}},"1":{"start":{"line":2,"column":13},"end":{"line":2,"column":28}},"2":{"start":{"line":3,"column":19},"end":{"line":3,"column":41}},"3":{"start":{"line":4,"column":11},"end":{"line":4,"column":32}},"4":{"start":{"line":5,"column":40},"end":{"line":5,"column":76}},"5":{"start":{"line":8,"column":19},"end":{"line":8,"column":43}},"6":{"start":{"line":9,"column":27},"end":{"line":9,"column":59}},"7":{"start":{"line":10,"column":20},"end":{"line":10,"column":45}},"8":{"start":{"line":11,"column":21},"end":{"line":11,"column":47}},"9":{"start":{"line":12,"column":23},"end":{"line":12,"column":51}},"10":{"start":{"line":13,"column":23},"end":{"line":13,"column":51}},"11":{"start":{"line":16,"column":0},"end":{"line":16,"column":24}},"12":{"start":{"line":18,"column":12},"end":{"line":18,"column":21}},"13":{"start":{"line":19,"column":13},"end":{"line":19,"column":37}},"14":{"start":{"line":22,"column":0},"end":{"line":22,"column":16}},"15":{"start":{"line":23,"column":0},"end":{"line":23,"column":27}},"16":{"start":{"line":24,"column":0},"end":{"line":24,"column":51}},"17":{"start":{"line":25,"column":0},"end":{"line":25,"column":23}},"18":{"start":{"line":28,"column":0},"end":{"line":30,"column":3}},"19":{"start":{"line":29,"column":2},"end":{"line":29,"column":75}},"20":{"start":{"line":33,"column":0},"end":{"line":33,"column":33}},"21":{"start":{"line":36,"column":0},"end":{"line":36,"column":49}},"22":{"start":{"line":37,"column":0},"end":{"line":37,"column":45}},"23":{"start":{"line":38,"column":0},"end":{"line":38,"column":45}},"24":{"start":{"line":39,"column":0},"end":{"line":39,"column":35}},"25":{"start":{"line":40,"column":0},"end":{"line":40,"column":37}},"26":{"start":{"line":41,"column":0},"end":{"line":41,"column":40}},"27":{"start":{"line":42,"column":0},"end":{"line":42,"column":41}},"28":{"start":{"line":43,"column":0},"end":{"line":43,"column":51}},"29":{"start":{"line":46,"column":0},"end":{"line":48,"column":3}},"30":{"start":{"line":47,"column":2},"end":{"line":47,"column":56}},"31":{"start":{"line":51,"column":0},"end":{"line":51,"column":22}},"32":{"start":{"line":54,"column":0},"end":{"line":56,"column":3}},"33":{"start":{"line":55,"column":2},"end":{"line":55,"column":78}}},"fnMap":{"0":{"name":"(anonymous_0)","decl":{"start":{"line":28,"column":23},"end":{"line":28,"column":24}},"loc":{"start":{"line":28,"column":37},"end":{"line":30,"column":1}},"line":28},"1":{"name":"(anonymous_1)","decl":{"start":{"line":46,"column":8},"end":{"line":46,"column":9}},"loc":{"start":{"line":46,"column":22},"end":{"line":48,"column":1}},"line":46},"2":{"name":"(anonymous_2)","decl":{"start":{"line":54,"column":17},"end":{"line":54,"column":18}},"loc":{"start":{"line":54,"column":23},"end":{"line":56,"column":1}},"line":54}},"branchMap":{"0":{"loc":{"start":{"line":19,"column":13},"end":{"line":19,"column":37}},"type":"binary-expr","locations":[{"start":{"line":19,"column":13},"end":{"line":19,"column":29}},{"start":{"line":19,"column":33},"end":{"line":19,"column":37}}],"line":19}},"s":{"0":0,"1":0,"2":0,"3":0,"4":0,"5":0,"6":0,"7":0,"8":0,"9":0,"10":0,"11":0,"12":0,"13":0,"14":0,"15":0,"16":0,"17":0,"18":0,"19":0,"20":0,"21":0,"22":0,"23":0,"24":0,"25":0,"26":0,"27":0,"28":0,"29":0,"30":0,"31":0,"32":0,"33":0},"f":{"0":0,"1":0,"2":0},"b":{"0":[0,0]}}
,"/Users/erbyfischer/Documents/beginners-luck/negotiation-engine/server/validation.js": {"path":"/Users/erbyfischer/Documents/beginners-luck/negotiation-engine/server/validation.js","statementMap":{"0":{"start":{"line":9,"column":17},"end":{"line":9,"column":19}},"1":{"start":{"line":11,"column":2},"end":{"line":13,"column":3}},"2":{"start":{"line":12,"column":4},"end":{"line":12,"column":41}},"3":{"start":{"line":15,"column":2},"end":{"line":17,"column":3}},"4":{"start":{"line":16,"column":4},"end":{"line":16,"column":62}},"5":{"start":{"line":20,"column":24},"end":{"line":20,"column":116}},"6":{"start":{"line":21,"column":2},"end":{"line":28,"column":3}},"7":{"start":{"line":22,"column":4},"end":{"line":27,"column":5}},"8":{"start":{"line":23,"column":18},"end":{"line":23,"column":41}},"9":{"start":{"line":24,"column":6},"end":{"line":26,"column":7}},"10":{"start":{"line":25,"column":8},"end":{"line":25,"column":64}},"11":{"start":{"line":30,"column":23},"end":{"line":30,"column":149}},"12":{"start":{"line":31,"column":2},"end":{"line":38,"column":3}},"13":{"start":{"line":32,"column":4},"end":{"line":34,"column":5}},"14":{"start":{"line":33,"column":6},"end":{"line":33,"column":47}},"15":{"start":{"line":35,"column":4},"end":{"line":37,"column":5}},"16":{"start":{"line":36,"column":6},"end":{"line":36,"column":64}},"17":{"start":{"line":40,"column":2},"end":{"line":42,"column":3}},"18":{"start":{"line":41,"column":4},"end":{"line":41,"column":40}},"19":{"start":{"line":44,"column":2},"end":{"line":47,"column":4}},"20":{"start":{"line":54,"column":17},"end":{"line":54,"column":19}},"21":{"start":{"line":57,"column":2},"end":{"line":64,"column":3}},"22":{"start":{"line":58,"column":4},"end":{"line":60,"column":5}},"23":{"start":{"line":59,"column":6},"end":{"line":59,"column":43}},"24":{"start":{"line":61,"column":4},"end":{"line":63,"column":5}},"25":{"start":{"line":62,"column":6},"end":{"line":62,"column":64}},"26":{"start":{"line":67,"column":24},"end":{"line":67,"column":116}},"27":{"start":{"line":68,"column":2},"end":{"line":75,"column":3}},"28":{"start":{"line":69,"column":4},"end":{"line":74,"column":5}},"29":{"start":{"line":70,"column":18},"end":{"line":70,"column":41}},"30":{"start":{"line":71,"column":6},"end":{"line":73,"column":7}},"31":{"start":{"line":72,"column":8},"end":{"line":72,"column":64}},"32":{"start":{"line":78,"column":23},"end":{"line":78,"column":149}},"33":{"start":{"line":79,"column":2},"end":{"line":88,"column":3}},"34":{"start":{"line":80,"column":4},"end":{"line":87,"column":5}},"35":{"start":{"line":81,"column":6},"end":{"line":83,"column":7}},"36":{"start":{"line":82,"column":8},"end":{"line":82,"column":49}},"37":{"start":{"line":84,"column":6},"end":{"line":86,"column":7}},"38":{"start":{"line":85,"column":8},"end":{"line":85,"column":66}},"39":{"start":{"line":90,"column":2},"end":{"line":92,"column":3}},"40":{"start":{"line":91,"column":4},"end":{"line":91,"column":40}},"41":{"start":{"line":94,"column":2},"end":{"line":97,"column":4}},"42":{"start":{"line":104,"column":17},"end":{"line":104,"column":19}},"43":{"start":{"line":106,"column":2},"end":{"line":108,"column":3}},"44":{"start":{"line":107,"column":4},"end":{"line":107,"column":41}},"45":{"start":{"line":110,"column":2},"end":{"line":112,"column":3}},"46":{"start":{"line":111,"column":4},"end":{"line":111,"column":62}},"47":{"start":{"line":115,"column":24},"end":{"line":115,"column":116}},"48":{"start":{"line":116,"column":2},"end":{"line":123,"column":3}},"49":{"start":{"line":117,"column":4},"end":{"line":122,"column":5}},"50":{"start":{"line":118,"column":18},"end":{"line":118,"column":41}},"51":{"start":{"line":119,"column":6},"end":{"line":121,"column":7}},"52":{"start":{"line":120,"column":8},"end":{"line":120,"column":64}},"53":{"start":{"line":125,"column":23},"end":{"line":125,"column":149}},"54":{"start":{"line":126,"column":2},"end":{"line":133,"column":3}},"55":{"start":{"line":127,"column":4},"end":{"line":129,"column":5}},"56":{"start":{"line":128,"column":6},"end":{"line":128,"column":47}},"57":{"start":{"line":130,"column":4},"end":{"line":132,"column":5}},"58":{"start":{"line":131,"column":6},"end":{"line":131,"column":64}},"59":{"start":{"line":135,"column":2},"end":{"line":137,"column":3}},"60":{"start":{"line":136,"column":4},"end":{"line":136,"column":40}},"61":{"start":{"line":139,"column":2},"end":{"line":142,"column":4}},"62":{"start":{"line":149,"column":17},"end":{"line":149,"column":19}},"63":{"start":{"line":151,"column":2},"end":{"line":153,"column":3}},"64":{"start":{"line":152,"column":4},"end":{"line":152,"column":67}},"65":{"start":{"line":155,"column":2},"end":{"line":157,"column":3}},"66":{"start":{"line":156,"column":4},"end":{"line":156,"column":72}},"67":{"start":{"line":159,"column":2},"end":{"line":161,"column":3}},"68":{"start":{"line":160,"column":4},"end":{"line":160,"column":59}},"69":{"start":{"line":163,"column":2},"end":{"line":170,"column":3}},"70":{"start":{"line":164,"column":4},"end":{"line":164,"column":38}},"71":{"start":{"line":166,"column":16},"end":{"line":166,"column":39}},"72":{"start":{"line":167,"column":4},"end":{"line":169,"column":5}},"73":{"start":{"line":168,"column":6},"end":{"line":168,"column":60}},"74":{"start":{"line":172,"column":2},"end":{"line":174,"column":3}},"75":{"start":{"line":173,"column":4},"end":{"line":173,"column":42}},"76":{"start":{"line":176,"column":2},"end":{"line":178,"column":3}},"77":{"start":{"line":177,"column":4},"end":{"line":177,"column":59}},"78":{"start":{"line":180,"column":2},"end":{"line":183,"column":4}},"79":{"start":{"line":190,"column":2},"end":{"line":190,"column":42}},"80":{"start":{"line":190,"column":31},"end":{"line":190,"column":42}},"81":{"start":{"line":191,"column":2},"end":{"line":197,"column":12}},"82":{"start":{"line":204,"column":2},"end":{"line":220,"column":4}},"83":{"start":{"line":227,"column":2},"end":{"line":233,"column":4}},"84":{"start":{"line":240,"column":17},"end":{"line":240,"column":19}},"85":{"start":{"line":242,"column":2},"end":{"line":244,"column":3}},"86":{"start":{"line":243,"column":4},"end":{"line":243,"column":52}},"87":{"start":{"line":246,"column":24},"end":{"line":246,"column":94}},"88":{"start":{"line":247,"column":2},"end":{"line":256,"column":3}},"89":{"start":{"line":248,"column":4},"end":{"line":255,"column":5}},"90":{"start":{"line":249,"column":6},"end":{"line":249,"column":42}},"91":{"start":{"line":251,"column":18},"end":{"line":251,"column":41}},"92":{"start":{"line":252,"column":6},"end":{"line":254,"column":7}},"93":{"start":{"line":253,"column":8},"end":{"line":253,"column":64}},"94":{"start":{"line":259,"column":2},"end":{"line":265,"column":3}},"95":{"start":{"line":260,"column":17},"end":{"line":260,"column":47}},"96":{"start":{"line":261,"column":18},"end":{"line":261,"column":49}},"97":{"start":{"line":262,"column":4},"end":{"line":264,"column":5}},"98":{"start":{"line":263,"column":6},"end":{"line":263,"column":68}},"99":{"start":{"line":267,"column":2},"end":{"line":273,"column":3}},"100":{"start":{"line":268,"column":17},"end":{"line":268,"column":47}},"101":{"start":{"line":269,"column":18},"end":{"line":269,"column":49}},"102":{"start":{"line":270,"column":4},"end":{"line":272,"column":5}},"103":{"start":{"line":271,"column":6},"end":{"line":271,"column":68}},"104":{"start":{"line":275,"column":2},"end":{"line":278,"column":4}},"105":{"start":{"line":285,"column":17},"end":{"line":285,"column":19}},"106":{"start":{"line":287,"column":2},"end":{"line":289,"column":3}},"107":{"start":{"line":288,"column":4},"end":{"line":288,"column":52}},"108":{"start":{"line":291,"column":2},"end":{"line":293,"column":3}},"109":{"start":{"line":292,"column":4},"end":{"line":292,"column":52}},"110":{"start":{"line":295,"column":2},"end":{"line":304,"column":3}},"111":{"start":{"line":296,"column":4},"end":{"line":296,"column":40}},"112":{"start":{"line":298,"column":21},"end":{"line":298,"column":44}},"113":{"start":{"line":299,"column":4},"end":{"line":303,"column":5}},"114":{"start":{"line":300,"column":6},"end":{"line":300,"column":59}},"115":{"start":{"line":301,"column":11},"end":{"line":303,"column":5}},"116":{"start":{"line":302,"column":6},"end":{"line":302,"column":52}},"117":{"start":{"line":306,"column":2},"end":{"line":309,"column":4}},"118":{"start":{"line":316,"column":2},"end":{"line":323,"column":4}},"119":{"start":{"line":330,"column":2},"end":{"line":335,"column":4}},"120":{"start":{"line":338,"column":0},"end":{"line":350,"column":2}}},"fnMap":{"0":{"name":"validateNegotiationCreate","decl":{"start":{"line":8,"column":9},"end":{"line":8,"column":34}},"loc":{"start":{"line":8,"column":41},"end":{"line":48,"column":1}},"line":8},"1":{"name":"validateNegotiationUpdate","decl":{"start":{"line":53,"column":9},"end":{"line":53,"column":34}},"loc":{"start":{"line":53,"column":41},"end":{"line":98,"column":1}},"line":53},"2":{"name":"validateNegotiation","decl":{"start":{"line":103,"column":9},"end":{"line":103,"column":28}},"loc":{"start":{"line":103,"column":35},"end":{"line":143,"column":1}},"line":103},"3":{"name":"validateMove","decl":{"start":{"line":148,"column":9},"end":{"line":148,"column":21}},"loc":{"start":{"line":148,"column":28},"end":{"line":184,"column":1}},"line":148},"4":{"name":"sanitizeString","decl":{"start":{"line":189,"column":9},"end":{"line":189,"column":23}},"loc":{"start":{"line":189,"column":29},"end":{"line":198,"column":1}},"line":189},"5":{"name":"sanitizeNegotiation","decl":{"start":{"line":203,"column":9},"end":{"line":203,"column":28}},"loc":{"start":{"line":203,"column":35},"end":{"line":221,"column":1}},"line":203},"6":{"name":"sanitizeMove","decl":{"start":{"line":226,"column":9},"end":{"line":226,"column":21}},"loc":{"start":{"line":226,"column":28},"end":{"line":234,"column":1}},"line":226},"7":{"name":"validateBracket","decl":{"start":{"line":239,"column":9},"end":{"line":239,"column":24}},"loc":{"start":{"line":239,"column":31},"end":{"line":279,"column":1}},"line":239},"8":{"name":"validateMediatorProposal","decl":{"start":{"line":284,"column":9},"end":{"line":284,"column":33}},"loc":{"start":{"line":284,"column":40},"end":{"line":310,"column":1}},"line":284},"9":{"name":"sanitizeBracket","decl":{"start":{"line":315,"column":9},"end":{"line":315,"column":24}},"loc":{"start":{"line":315,"column":31},"end":{"line":324,"column":1}},"line":315},"10":{"name":"sanitizeMediatorProposal","decl":{"start":{"line":329,"column":9},"end":{"line":329,"column":33}},"loc":{"start":{"line":329,"column":40},"end":{"line":336,"column":1}},"line":329}},"branchMap":{"0":{"loc":{"start":{"line":11,"column":2},"end":{"line":13,"column":3}},"type":"if","locations":[{"start":{"line":11,"column":2},"end":{"line":13,"column":3}},{"start":{},"end":{}}],"line":11},"1":{"loc":{"start":{"line":11,"column":6},"end":{"line":11,"column":76}},"type":"binary-expr","locations":[{"start":{"line":11,"column":6},"end":{"line":11,"column":16}},{"start":{"line":11,"column":20},"end":{"line":11,"column":49}},{"start":{"line":11,"column":53},"end":{"line":11,"column":76}}],"line":11},"2":{"loc":{"start":{"line":15,"column":2},"end":{"line":17,"column":3}},"type":"if","locations":[{"start":{"line":15,"column":2},"end":{"line":17,"column":3}},{"start":{},"end":{}}],"line":15},"3":{"loc":{"start":{"line":15,"column":6},"end":{"line":15,"column":41}},"type":"binary-expr","locations":[{"start":{"line":15,"column":6},"end":{"line":15,"column":15}},{"start":{"line":15,"column":19},"end":{"line":15,"column":41}}],"line":15},"4":{"loc":{"start":{"line":22,"column":4},"end":{"line":27,"column":5}},"type":"if","locations":[{"start":{"line":22,"column":4},"end":{"line":27,"column":5}},{"start":{},"end":{}}],"line":22},"5":{"loc":{"start":{"line":22,"column":8},"end":{"line":22,"column":79}},"type":"binary-expr","locations":[{"start":{"line":22,"column":8},"end":{"line":22,"column":33}},{"start":{"line":22,"column":37},"end":{"line":22,"column":57}},{"start":{"line":22,"column":61},"end":{"line":22,"column":79}}],"line":22},"6":{"loc":{"start":{"line":24,"column":6},"end":{"line":26,"column":7}},"type":"if","locations":[{"start":{"line":24,"column":6},"end":{"line":26,"column":7}},{"start":{},"end":{}}],"line":24},"7":{"loc":{"start":{"line":24,"column":10},"end":{"line":24,"column":31}},"type":"binary-expr","locations":[{"start":{"line":24,"column":10},"end":{"line":24,"column":20}},{"start":{"line":24,"column":24},"end":{"line":24,"column":31}}],"line":24},"8":{"loc":{"start":{"line":32,"column":4},"end":{"line":34,"column":5}},"type":"if","locations":[{"start":{"line":32,"column":4},"end":{"line":34,"column":5}},{"start":{},"end":{}}],"line":32},"9":{"loc":{"start":{"line":32,"column":8},"end":{"line":32,"column":54}},"type":"binary-expr","locations":[{"start":{"line":32,"column":8},"end":{"line":32,"column":19}},{"start":{"line":32,"column":23},"end":{"line":32,"column":54}}],"line":32},"10":{"loc":{"start":{"line":35,"column":4},"end":{"line":37,"column":5}},"type":"if","locations":[{"start":{"line":35,"column":4},"end":{"line":37,"column":5}},{"start":{},"end":{}}],"line":35},"11":{"loc":{"start":{"line":35,"column":8},"end":{"line":35,"column":48}},"type":"binary-expr","locations":[{"start":{"line":35,"column":8},"end":{"line":35,"column":19}},{"start":{"line":35,"column":23},"end":{"line":35,"column":48}}],"line":35},"12":{"loc":{"start":{"line":40,"column":2},"end":{"line":42,"column":3}},"type":"if","locations":[{"start":{"line":40,"column":2},"end":{"line":42,"column":3}},{"start":{},"end":{}}],"line":40},"13":{"loc":{"start":{"line":40,"column":6},"end":{"line":40,"column":88}},"type":"binary-expr","locations":[{"start":{"line":40,"column":6},"end":{"line":40,"column":17}},{"start":{"line":40,"column":21},"end":{"line":40,"column":88}}],"line":40},"14":{"loc":{"start":{"line":57,"column":2},"end":{"line":64,"column":3}},"type":"if","locations":[{"start":{"line":57,"column":2},"end":{"line":64,"column":3}},{"start":{},"end":{}}],"line":57},"15":{"loc":{"start":{"line":57,"column":6},"end":{"line":57,"column":51}},"type":"binary-expr","locations":[{"start":{"line":57,"column":6},"end":{"line":57,"column":29}},{"start":{"line":57,"column":33},"end":{"line":57,"column":51}}],"line":57},"16":{"loc":{"start":{"line":58,"column":4},"end":{"line":60,"column":5}},"type":"if","locations":[{"start":{"line":58,"column":4},"end":{"line":60,"column":5}},{"start":{},"end":{}}],"line":58},"17":{"loc":{"start":{"line":58,"column":8},"end":{"line":58,"column":64}},"type":"binary-expr","locations":[{"start":{"line":58,"column":8},"end":{"line":58,"column":37}},{"start":{"line":58,"column":41},"end":{"line":58,"column":64}}],"line":58},"18":{"loc":{"start":{"line":61,"column":4},"end":{"line":63,"column":5}},"type":"if","locations":[{"start":{"line":61,"column":4},"end":{"line":63,"column":5}},{"start":{},"end":{}}],"line":61},"19":{"loc":{"start":{"line":61,"column":8},"end":{"line":61,"column":43}},"type":"binary-expr","locations":[{"start":{"line":61,"column":8},"end":{"line":61,"column":17}},{"start":{"line":61,"column":21},"end":{"line":61,"column":43}}],"line":61},"20":{"loc":{"start":{"line":69,"column":4},"end":{"line":74,"column":5}},"type":"if","locations":[{"start":{"line":69,"column":4},"end":{"line":74,"column":5}},{"start":{},"end":{}}],"line":69},"21":{"loc":{"start":{"line":69,"column":8},"end":{"line":69,"column":79}},"type":"binary-expr","locations":[{"start":{"line":69,"column":8},"end":{"line":69,"column":33}},{"start":{"line":69,"column":37},"end":{"line":69,"column":57}},{"start":{"line":69,"column":61},"end":{"line":69,"column":79}}],"line":69},"22":{"loc":{"start":{"line":71,"column":6},"end":{"line":73,"column":7}},"type":"if","locations":[{"start":{"line":71,"column":6},"end":{"line":73,"column":7}},{"start":{},"end":{}}],"line":71},"23":{"loc":{"start":{"line":71,"column":10},"end":{"line":71,"column":31}},"type":"binary-expr","locations":[{"start":{"line":71,"column":10},"end":{"line":71,"column":20}},{"start":{"line":71,"column":24},"end":{"line":71,"column":31}}],"line":71},"24":{"loc":{"start":{"line":80,"column":4},"end":{"line":87,"column":5}},"type":"if","locations":[{"start":{"line":80,"column":4},"end":{"line":87,"column":5}},{"start":{},"end":{}}],"line":80},"25":{"loc":{"start":{"line":80,"column":8},"end":{"line":80,"column":57}},"type":"binary-expr","locations":[{"start":{"line":80,"column":8},"end":{"line":80,"column":33}},{"start":{"line":80,"column":37},"end":{"line":80,"column":57}}],"line":80},"26":{"loc":{"start":{"line":81,"column":6},"end":{"line":83,"column":7}},"type":"if","locations":[{"start":{"line":81,"column":6},"end":{"line":83,"column":7}},{"start":{},"end":{}}],"line":81},"27":{"loc":{"start":{"line":84,"column":6},"end":{"line":86,"column":7}},"type":"if","locations":[{"start":{"line":84,"column":6},"end":{"line":86,"column":7}},{"start":{},"end":{}}],"line":84},"28":{"loc":{"start":{"line":84,"column":10},"end":{"line":84,"column":50}},"type":"binary-expr","locations":[{"start":{"line":84,"column":10},"end":{"line":84,"column":21}},{"start":{"line":84,"column":25},"end":{"line":84,"column":50}}],"line":84},"29":{"loc":{"start":{"line":90,"column":2},"end":{"line":92,"column":3}},"type":"if","locations":[{"start":{"line":90,"column":2},"end":{"line":92,"column":3}},{"start":{},"end":{}}],"line":90},"30":{"loc":{"start":{"line":90,"column":6},"end":{"line":90,"column":88}},"type":"binary-expr","locations":[{"start":{"line":90,"column":6},"end":{"line":90,"column":17}},{"start":{"line":90,"column":21},"end":{"line":90,"column":88}}],"line":90},"31":{"loc":{"start":{"line":106,"column":2},"end":{"line":108,"column":3}},"type":"if","locations":[{"start":{"line":106,"column":2},"end":{"line":108,"column":3}},{"start":{},"end":{}}],"line":106},"32":{"loc":{"start":{"line":106,"column":6},"end":{"line":106,"column":76}},"type":"binary-expr","locations":[{"start":{"line":106,"column":6},"end":{"line":106,"column":16}},{"start":{"line":106,"column":20},"end":{"line":106,"column":49}},{"start":{"line":106,"column":53},"end":{"line":106,"column":76}}],"line":106},"33":{"loc":{"start":{"line":110,"column":2},"end":{"line":112,"column":3}},"type":"if","locations":[{"start":{"line":110,"column":2},"end":{"line":112,"column":3}},{"start":{},"end":{}}],"line":110},"34":{"loc":{"start":{"line":110,"column":6},"end":{"line":110,"column":41}},"type":"binary-expr","locations":[{"start":{"line":110,"column":6},"end":{"line":110,"column":15}},{"start":{"line":110,"column":19},"end":{"line":110,"column":41}}],"line":110},"35":{"loc":{"start":{"line":117,"column":4},"end":{"line":122,"column":5}},"type":"if","locations":[{"start":{"line":117,"column":4},"end":{"line":122,"column":5}},{"start":{},"end":{}}],"line":117},"36":{"loc":{"start":{"line":117,"column":8},"end":{"line":117,"column":79}},"type":"binary-expr","locations":[{"start":{"line":117,"column":8},"end":{"line":117,"column":33}},{"start":{"line":117,"column":37},"end":{"line":117,"column":57}},{"start":{"line":117,"column":61},"end":{"line":117,"column":79}}],"line":117},"37":{"loc":{"start":{"line":119,"column":6},"end":{"line":121,"column":7}},"type":"if","locations":[{"start":{"line":119,"column":6},"end":{"line":121,"column":7}},{"start":{},"end":{}}],"line":119},"38":{"loc":{"start":{"line":119,"column":10},"end":{"line":119,"column":31}},"type":"binary-expr","locations":[{"start":{"line":119,"column":10},"end":{"line":119,"column":20}},{"start":{"line":119,"column":24},"end":{"line":119,"column":31}}],"line":119},"39":{"loc":{"start":{"line":127,"column":4},"end":{"line":129,"column":5}},"type":"if","locations":[{"start":{"line":127,"column":4},"end":{"line":129,"column":5}},{"start":{},"end":{}}],"line":127},"40":{"loc":{"start":{"line":127,"column":8},"end":{"line":127,"column":54}},"type":"binary-expr","locations":[{"start":{"line":127,"column":8},"end":{"line":127,"column":19}},{"start":{"line":127,"column":23},"end":{"line":127,"column":54}}],"line":127},"41":{"loc":{"start":{"line":130,"column":4},"end":{"line":132,"column":5}},"type":"if","locations":[{"start":{"line":130,"column":4},"end":{"line":132,"column":5}},{"start":{},"end":{}}],"line":130},"42":{"loc":{"start":{"line":130,"column":8},"end":{"line":130,"column":48}},"type":"binary-expr","locations":[{"start":{"line":130,"column":8},"end":{"line":130,"column":19}},{"start":{"line":130,"column":23},"end":{"line":130,"column":48}}],"line":130},"43":{"loc":{"start":{"line":135,"column":2},"end":{"line":137,"column":3}},"type":"if","locations":[{"start":{"line":135,"column":2},"end":{"line":137,"column":3}},{"start":{},"end":{}}],"line":135},"44":{"loc":{"start":{"line":135,"column":6},"end":{"line":135,"column":88}},"type":"binary-expr","locations":[{"start":{"line":135,"column":6},"end":{"line":135,"column":17}},{"start":{"line":135,"column":21},"end":{"line":135,"column":88}}],"line":135},"45":{"loc":{"start":{"line":151,"column":2},"end":{"line":153,"column":3}},"type":"if","locations":[{"start":{"line":151,"column":2},"end":{"line":153,"column":3}},{"start":{},"end":{}}],"line":151},"46":{"loc":{"start":{"line":151,"column":6},"end":{"line":151,"column":69}},"type":"binary-expr","locations":[{"start":{"line":151,"column":6},"end":{"line":151,"column":26}},{"start":{"line":151,"column":30},"end":{"line":151,"column":69}}],"line":151},"47":{"loc":{"start":{"line":155,"column":2},"end":{"line":157,"column":3}},"type":"if","locations":[{"start":{"line":155,"column":2},"end":{"line":157,"column":3}},{"start":{},"end":{}}],"line":155},"48":{"loc":{"start":{"line":155,"column":6},"end":{"line":155,"column":81}},"type":"binary-expr","locations":[{"start":{"line":155,"column":6},"end":{"line":155,"column":17}},{"start":{"line":155,"column":21},"end":{"line":155,"column":81}}],"line":155},"49":{"loc":{"start":{"line":159,"column":2},"end":{"line":161,"column":3}},"type":"if","locations":[{"start":{"line":159,"column":2},"end":{"line":161,"column":3}}
[...]
,"column":81}},"line":49},"6":{"name":"(anonymous_6)","decl":{"start":{"line":61,"column":31},"end":{"line":61,"column":32}},"loc":{"start":{"line":61,"column":45},"end":{"line":88,"column":1}},"line":61},"7":{"name":"(anonymous_7)","decl":{"start":{"line":69,"column":40},"end":{"line":69,"column":41}},"loc":{"start":{"line":69,"column":62},"end":{"line":87,"column":3}},"line":69},"8":{"name":"(anonymous_8)","decl":{"start":{"line":78,"column":47},"end":{"line":78,"column":48}},"loc":{"start":{"line":78,"column":63},"end":{"line":86,"column":5}},"line":78}},"branchMap":{"0":{"loc":{"start":{"line":22,"column":4},"end":{"line":25,"column":5}},"type":"if","locations":[{"start":{"line":22,"column":4},"end":{"line":25,"column":5}},{"start":{},"end":{}}],"line":22},"1":{"loc":{"start":{"line":27,"column":18},"end":{"line":27,"column":36}},"type":"binary-expr","locations":[{"start":{"line":27,"column":18},"end":{"line":27,"column":30}},{"start":{"line":27,"column":34},"end":{"line":27,"column":36}}],"line":27},"2":{"loc":{"start":{"line":30,"column":4},"end":{"line":38,"column":5}},"type":"if","locations":[{"start":{"line":30,"column":4},"end":{"line":38,"column":5}},{"start":{},"end":{}}],"line":30},"3":{"loc":{"start":{"line":30,"column":8},"end":{"line":30,"column":65}},"type":"binary-expr","locations":[{"start":{"line":30,"column":8},"end":{"line":30,"column":13}},{"start":{"line":30,"column":17},"end":{"line":30,"column":42}},{"start":{"line":30,"column":46},"end":{"line":30,"column":65}}],"line":30},"4":{"loc":{"start":{"line":33,"column":8},"end":{"line":36,"column":60}},"type":"binary-expr","locations":[{"start":{"line":33,"column":9},"end":{"line":33,"column":15}},{"start":{"line":33,"column":19},"end":{"line":33,"column":51}},{"start":{"line":34,"column":9},"end":{"line":34,"column":29}},{"start":{"line":34,"column":33},"end":{"line":34,"column":79}},{"start":{"line":35,"column":9},"end":{"line":35,"column":29}},{"start":{"line":35,"column":33},"end":{"line":35,"column":79}},{"start":{"line":36,"column":9},"end":{"line":36,"column":19}},{"start":{"line":36,"column":23},"end":{"line":36,"column":59}}],"line":33},"5":{"loc":{"start":{"line":41,"column":4},"end":{"line":51,"column":5}},"type":"if","locations":[{"start":{"line":41,"column":4},"end":{"line":51,"column":5}},{"start":{},"end":{}}],"line":41},"6":{"loc":{"start":{"line":41,"column":8},"end":{"line":41,"column":46}},"type":"binary-expr","locations":[{"start":{"line":41,"column":8},"end":{"line":41,"column":15}},{"start":{"line":41,"column":19},"end":{"line":41,"column":46}}],"line":41},"7":{"loc":{"start":{"line":42,"column":6},"end":{"line":44,"column":7}},"type":"if","locations":[{"start":{"line":42,"column":6},"end":{"line":44,"column":7}},{"start":{},"end":{}}],"line":42},"8":{"loc":{"start":{"line":45,"column":6},"end":{"line":47,"column":7}},"type":"if","locations":[{"start":{"line":45,"column":6},"end":{"line":47,"column":7}},{"start":{},"end":{}}],"line":45},"9":{"loc":{"start":{"line":48,"column":6},"end":{"line":50,"column":7}},"type":"if","locations":[{"start":{"line":48,"column":6},"end":{"line":50,"column":7}},{"start":{},"end":{}}],"line":48},"10":{"loc":{"start":{"line":64,"column":2},"end":{"line":66,"column":3}},"type":"if","locations":[{"start":{"line":64,"column":2},"end":{"line":66,"column":3}},{"start":{},"end":{}}],"line":64},"11":{"loc":{"start":{"line":70,"column":4},"end":{"line":72,"column":5}},"type":"if","locations":[{"start":{"line":70,"column":4},"end":{"line":72,"column":5}},{"start":{},"end":{}}],"line":70},"12":{"loc":{"start":{"line":70,"column":8},"end":{"line":70,"column":27}},"type":"binary-expr","locations":[{"start":{"line":70,"column":8},"end":{"line":70,"column":11}},{"start":{"line":70,"column":15},"end":{"line":70,"column":27}}],"line":70},"13":{"loc":{"start":{"line":74,"column":4},"end":{"line":76,"column":5}},"type":"if","locations":[{"start":{"line":74,"column":4},"end":{"line":76,"column":5}},{"start":{},"end":{}}],"line":74},"14":{"loc":{"start":{"line":79,"column":6},"end":{"line":82,"column":7}},"type":"if","locations":[{"start":{"line":79,"column":6},"end":{"line":82,"column":7}},{"start":{},"end":{}}],"line":79},"15":{"loc":{"start":{"line":84,"column":56},"end":{"line":84,"column":67}},"type":"binary-expr","locations":[{"start":{"line":84,"column":56},"end":{"line":84,"column":61}},{"start":{"line":84,"column":65},"end":{"line":84,"column":67}}],"line":84}},"s":{"0":0,"1":0,"2":0,"3":0,"4":0,"5":0,"6":0,"7":0,"8":0,"9":0,"10":0,"11":0,"12":0,"13":0,"14":0,"15":0,"16":0,"17":0,"18":0,"19":0,"20":0,"21":0,"22":0,"23":0,"24":0,"25":0,"26":0,"27":0,"28":0,"29":0,"30":0,"31":0,"32":0,"33":0,"34":0,"35":0,"36":0,"37":0,"38":0,"39":0,"40":0,"41":0,"42":0,"43":0},"f":{"0":0,"1":0,"2":0,"3":0,"4":0,"5":0,"6":0,"7":0,"8":0},"b":{"0":[0,0],"1":[0,0],"2":[0,0],"3":[0,0,0],"4":[0,0,0,0,0,0,0,0],"5":[0,0],"6":[0,0],"7":[0,0],"8":[0,0],"9":[0,0],"10":[0,0],"11":[0,0],"12":[0,0],"13":[0,0],"14":[0,0],"15":[0,0]}}
,"/Users/erbyfischer/Documents/beginners-luck/negotiation-engine/server/scripts/seed-brackets.js": {"path":"/Users/erbyfischer/Documents/beginners-luck/negotiation-engine/server/scripts/seed-brackets.js","statementMap":{"0":{"start":{"line":1,"column":65},"end":{"line":1,"column":87}},"1":{"start":{"line":3,"column":0},"end":{"line":3,"column":58}},"2":{"start":{"line":6,"column":19},"end":{"line":6,"column":20}},"3":{"start":{"line":8,"column":19},"end":{"line":8,"column":34}},"4":{"start":{"line":11,"column":14},"end":{"line":18,"column":1}},"5":{"start":{"line":12,"column":2},"end":{"line":17,"column":5}},"6":{"start":{"line":13,"column":4},"end":{"line":16,"column":7}},"7":{"start":{"line":14,"column":6},"end":{"line":15,"column":25}},"8":{"start":{"line":14,"column":15},"end":{"line":14,"column":27}},"9":{"start":{"line":15,"column":11},"end":{"line":15,"column":25}},"10":{"start":{"line":21,"column":2},"end":{"line":123,"column":3}},"11":{"start":{"line":23,"column":25},"end":{"line":26,"column":5}},"12":{"start":{"line":28,"column":4},"end":{"line":31,"column":5}},"13":{"start":{"line":29,"column":6},"end":{"line":29,"column":88}},"14":{"start":{"line":30,"column":6},"end":{"line":30,"column":22}},"15":{"start":{"line":33,"column":4},"end":{"line":33,"column":75}},"16":{"start":{"line":36,"column":4},"end":{"line":109,"column":5}},"17":{"start":{"line":37,"column":6},"end":{"line":37,"column":65}},"18":{"start":{"line":40,"column":6},"end":{"line":53,"column":9}},"19":{"start":{"line":41,"column":8},"end":{"line":52,"column":11}},"20":{"start":{"line":50,"column":10},"end":{"line":51,"column":25}},"21":{"start":{"line":50,"column":19},"end":{"line":50,"column":31}},"22":{"start":{"line":51,"column":15},"end":{"line":51,"column":25}},"23":{"start":{"line":54,"column":6},"end":{"line":54,"column":83}},"24":{"start":{"line":57,"column":6},"end":{"line":70,"column":9}},"25":{"start":{"line":58,"column":8},"end":{"line":69,"column":11}},"26":{"start":{"line":67,"column":10},"end":{"line":68,"column":25}},"27":{"start":{"line":67,"column":19},"end":{"line":67,"column":31}},"28":{"start":{"line":68,"column":15},"end":{"line":68,"column":25}},"29":{"start":{"line":71,"column":6},"end":{"line":71,"column":83}},"30":{"start":{"line":74,"column":6},"end":{"line":87,"column":9}},"31":{"start":{"line":75,"column":8},"end":{"line":86,"column":11}},"32":{"start":{"line":84,"column":10},"end":{"line":85,"column":25}},"33":{"start":{"line":84,"column":19},"end":{"line":84,"column":31}},"34":{"start":{"line":85,"column":15},"end":{"line":85,"column":25}},"35":{"start":{"line":88,"column":6},"end":{"line":88,"column":84}},"36":{"start":{"line":91,"column":23},"end":{"line":91,"column":33}},"37":{"start":{"line":92,"column":6},"end":{"line":92,"column":47}},"38":{"start":{"line":94,"column":6},"end":{"line":107,"column":9}},"39":{"start":{"line":95,"column":8},"end":{"line":106,"column":11}},"40":{"start":{"line":104,"column":10},"end":{"line":105,"column":25}},"41":{"start":{"line":104,"column":19},"end":{"line":104,"column":31}},"42":{"start":{"line":105,"column":15},"end":{"line":105,"column":25}},"43":{"start":{"line":108,"column":6},"end":{"line":108,"column":103}},"44":{"start":{"line":111,"column":4},"end":{"line":111,"column":41}},"45":{"start":{"line":112,"column":4},"end":{"line":112,"column":34}},"46":{"start":{"line":113,"column":4},"end":{"line":113,"column":46}},"47":{"start":{"line":114,"column":4},"end":{"line":114,"column":63}},"48":{"start":{"line":115,"column":4},"end":{"line":115,"column":75}},"49":{"start":{"line":116,"column":4},"end":{"line":116,"column":66}},"50":{"start":{"line":117,"column":4},"end":{"line":117,"column":64}},"51":{"start":{"line":119,"column":4},"end":{"line":119,"column":20}},"52":{"start":{"line":121,"column":4},"end":{"line":121,"column":50}},"53":{"start":{"line":122,"column":4},"end":{"line":122,"column":20}},"54":{"start":{"line":127,"column":0},"end":{"line":127,"column":11}}},"fnMap":{"0":{"name":"(anonymous_0)","decl":{"start":{"line":11,"column":14},"end":{"line":11,"column":15}},"loc":{"start":{"line":11,"column":31},"end":{"line":18,"column":1}},"line":11},"1":{"name":"(anonymous_1)","decl":{"start":{"line":12,"column":21},"end":{"line":12,"column":22}},"loc":{"start":{"line":12,"column":42},"end":{"line":17,"column":3}},"line":12},"2":{"name":"(anonymous_2)","decl":{"start":{"line":13,"column":32},"end":{"line":13,"column":33}},"loc":{"start":{"line":13,"column":47},"end":{"line":16,"column":5}},"line":13},"3":{"name":"seedData","decl":{"start":{"line":20,"column":15},"end":{"line":20,"column":23}},"loc":{"start":{"line":20,"column":26},"end":{"line":124,"column":1}},"line":20},"4":{"name":"(anonymous_4)","decl":{"start":{"line":40,"column":24},"end":{"line":40,"column":25}},"loc":{"start":{"line":40,"column":45},"end":{"line":53,"column":7}},"line":40},"5":{"name":"(anonymous_5)","decl":{"start":{"line":49,"column":11},"end":{"line":49,"column":12}},"loc":{"start":{"line":49,"column":20},"end":{"line":52,"column":9}},"line":49},"6":{"name":"(anonymous_6)","decl":{"start":{"line":57,"column":24},"end":{"line":57,"column":25}},"loc":{"start":{"line":57,"column":45},"end":{"line":70,"column":7}},"line":57},"7":{"name":"(anonymous_7)","decl":{"start":{"line":66,"column":11},"end":{"line":66,"column":12}},"loc":{"start":{"line":66,"column":20},"end":{"line":69,"column":9}},"line":66},"8":{"name":"(anonymous_8)","decl":{"start":{"line":74,"column":24},"end":{"line":74,"column":25}},"loc":{"start":{"line":74,"column":45},"end":{"line":87,"column":7}},"line":74},"9":{"name":"(anonymous_9)","decl":{"start":{"line":83,"column":11},"end":{"line":83,"column":12}},"loc":{"start":{"line":83,"column":20},"end":{"line":86,"column":9}},"line":83},"10":{"name":"(anonymous_10)","decl":{"start":{"line":94,"column":24},"end":{"line":94,"column":25}},"loc":{"start":{"line":94,"column":45},"end":{"line":107,"column":7}},"line":94},"11":{"name":"(anonymous_11)","decl":{"start":{"line":103,"column":11},"end":{"line":103,"column":12}},"loc":{"start":{"line":103,"column":20},"end":{"line":106,"column":9}},"line":103}},"branchMap":{"0":{"loc":{"start":{"line":14,"column":6},"end":{"line":15,"column":25}},"type":"if","locations":[{"start":{"line":14,"column":6},"end":{"line":15,"column":25}},{"start":{"line":15,"column":11},"end":{"line":15,"column":25}}],"line":14},"1":{"loc":{"start":{"line":28,"column":4},"end":{"line":31,"column":5}},"type":"if","locations":[{"start":{"line":28,"column":4},"end":{"line":31,"column":5}},{"start":{},"end":{}}],"line":28},"2":{"loc":{"start":{"line":50,"column":10},"end":{"line":51,"column":25}},"type":"if","locations":[{"start":{"line":50,"column":10},"end":{"line":51,"column":25}},{"start":{"line":51,"column":15},"end":{"line":51,"column":25}}],"line":50},"3":{"loc":{"start":{"line":67,"column":10},"end":{"line":68,"column":25}},"type":"if","locations":[{"start":{"line":67,"column":10},"end":{"line":68,"column":25}},{"start":{"line":68,"column":15},"end":{"line":68,"column":25}}],"line":67},"4":{"loc":{"start":{"line":84,"column":10},"end":{"line":85,"column":25}},"type":"if","locations":[{"start":{"line":84,"column":10},"end":{"line":85,"column":25}},{"start":{"line":85,"column":15},"end":{"line":85,"column":25}}],"line":84},"5":{"loc":{"start":{"line":104,"column":10},"end":{"line":105,"column":25}},"type":"if","locations":[{"start":{"line":104,"column":10},"end":{"line":105,"column":25}},{"start":{"line":105,"column":15},"end":{"line":105,"column":25}}],"line":104}},"s":{"0":0,"1":0,"2":0,"3":0,"4":0,"5":0,"6":0,"7":0,"8":0,"9":0,"10":0,"11":0,"12":0,"13":0,"14":0,"15":0,"16":0,"17":0,"18":0,"19":0,"20":0,"21":0,"22":0,"23":0,"24":0,"25":0,"26":0,"27":0,"28":0,"29":0,"30":0,"31":0,"32":0,"33":0,"34":0,"35":0,"36":0,"37":0,"38":0,"39":0,"40":0,"41":0,"42":0,"43":0,"44":0,"45":0,"46":0,"47":0,"48":0,"49":0,"50":0,"51":0,"52":0,"53":0,"54":0},"f":{"0":0,"1":0,"2":0,"3":0,"4":0,"5":0,"6":0,"7":0,"8":0,"9":0,"10":0,"11":0},"b":{"0":[0,0],"1":[0,0],"2":[0,0],"3":[0,0],"4":[0,0],"5":[0,0]}}
,"/Users/erbyfischer/Documents/beginners-luck/negotiation-engine/server/scripts/seed.js": {"path":"/Users/erbyfischer/Documents/beginners-luck/negotiation-engine/server/scripts/seed.js","statementMap":{"0":{"start":{"line":6,"column":11},"end":{"line":6,"column":33}},"1":{"start":{"line":7,"column":17},"end":{"line":7,"column":36}},"2":{"start":{"line":10,"column":0},"end":{"line":10,"column":24}},"3":{"start":{"line":12,"column":0},"end":{"line":12,"column":54}},"4":{"start":{"line":15,"column":17},"end":{"line":18,"column":1}},"5":{"start":{"line":21,"column":0},"end":{"line":46,"column":3}},"6":{"start":{"line":22,"column":2},"end":{"line":25,"column":3}},"7":{"start":{"line":23,"column":4},"end":{"line":23,"column":58}},"8":{"start":{"line":24,"column":4},"end":{"line":24,"column":20}},"9":{"start":{"line":28,"column":2},"end":{"line":45,"column":4}},"10":{"start":{"line":31,"column":6},"end":{"line":43,"column":7}},"11":{"start":{"line":32,"column":8},"end":{"line":38,"column":9}},"12":{"start":{"line":33,"column":10},"end":{"line":33,"column":78}},"13":{"start":{"line":34,"column":10},"end":{"line":34,"column":29}},"14":{"start":{"line":36,"column":10},"end":{"line":36,"column":61}},"15":{"start":{"line":37,"column":10},"end":{"line":37,"column":26}},"16":{"start":{"line":40,"column":8},"end":{"line":40,"column":82}},"17":{"start":{"line":41,"column":8},"end":{"line":41,"column":58}},"18":{"start":{"line":42,"column":8},"end":{"line":42,"column":34}},"19":{"start":{"line":50,"column":31},"end":{"line":89,"column":5}},"20":{"start":{"line":92,"column":25},"end":{"line":99,"column":5}},"21":{"start":{"line":101,"column":25},"end":{"line":106,"column":5}},"22":{"start":{"line":108,"column":23},"end":{"line":108,"column":24}},"23":{"start":{"line":109,"column":23},"end":{"line":109,"column":24}},"24":{"start":{"line":112,"column":4},"end":{"line":136,"column":7}},"25":{"start":{"line":113,"column":6},"end":{"line":135,"column":9}},"26":{"start":{"line":114,"column":8},"end":{"line":134,"column":9}},"27":{"start":{"line":115,"column":10},"end":{"line":115,"column":86}},"28":{"start":{"line":117,"column":10},"end":{"line":117,"column":25}},"29":{"start":{"line":118,"column":10},"end":{"line":118,"column":77}},"30":{"start":{"line":121,"column":24},"end":{"line":121,"column":63}},"31":{"start":{"line":122,"column":34},"end":{"line":122,"column":87}},"32":{"start":{"line":122,"column":50},"end":{"line":122,"column":85}},"33":{"start":{"line":124,"column":10},"end":{"line":133,"column":13}},"34":{"start":{"line":125,"column":12},"end":{"line":132,"column":15}},"35":{"start":{"line":126,"column":14},"end":{"line":131,"column":15}},"36":{"start":{"line":127,"column":16},"end":{"line":127,"column":67}},"37":{"start":{"line":129,"column":16},"end":{"line":129,"column":31}},"38":{"start":{"line":130,"column":16},"end":{"line":130,"column":96}},"39":{"start":{"line":139,"column":4},"end":{"line":146,"column":13}},"40":{"start":{"line":140,"column":6},"end":{"line":140,"column":93}},"41":{"start":{"line":141,"column":6},"end":{"line":141,"column":61}},"42":{"start":{"line":142,"column":6},"end":{"line":142,"column":37}},"43":{"start":{"line":143,"column":6},"end":{"line":143,"column":54}},"44":{"start":{"line":144,"column":6},"end":{"line":144,"column":54}},"45":{"start":{"line":145,"column":6},"end":{"line":145,"column":22}}},"fnMap":{"0":{"name":"(anonymous_0)","decl":{"start":{"line":21,"column":37},"end":{"line":21,"column":38}},"loc":{"start":{"line":21,"column":62},"end":{"line":46,"column":1}},"line":21},"1":{"name":"(anonymous_1)","decl":{"start":{"line":30,"column":4},"end":{"line":30,"column":5}},"loc":{"start":{"line":30,"column":19},"end":{"line":44,"column":5}},"line":30},"2":{"name":"seedNegotiations","decl":{"start":{"line":48,"column":9},"end":{"line":48,"column":25}},"loc":{"start":{"line":48,"column":34},"end":{"line":147,"column":1}},"line":48},"3":{"name":"(anonymous_3)","decl":{"start":{"line":112,"column":31},"end":{"line":112,"column":32}},"loc":{"start":{"line":112,"column":49},"end":{"line":136,"column":5}},"line":112},"4":{"name":"(anonymous_4)","decl":{"start":{"line":113,"column":36},"end":{"line":113,"column":37}},"loc":{"start":{"line":113,"column":53},"end":{"line":135,"column":7}},"line":113},"5":{"name":"(anonymous_5)","decl":{"start":{"line":122,"column":44},"end":{"line":122,"column":45}},"loc":{"start":{"line":122,"column":50},"end":{"line":122,"column":85}},"line":122},"6":{"name":"(anonymous_6)","decl":{"start":{"line":124,"column":34},"end":{"line":124,"column":35}},"loc":{"start":{"line":124,"column":46},"end":{"line":133,"column":11}},"line":124},"7":{"name":"(anonymous_7)","decl":{"start":{"line":125,"column":33},"end":{"line":125,"column":34}},"loc":{"start":{"line":125,"column":54},"end":{"line":132,"column":13}},"line":125},"8":{"name":"(anonymous_8)","decl":{"start":{"line":139,"column":15},"end":{"line":139,"column":16}},"loc":{"start":{"line":139,"column":21},"end":{"line":146,"column":5}},"line":139}},"branchMap":{"0":{"loc":{"start":{"line":22,"column":2},"end":{"line":25,"column":3}},"type":"if","locations":[{"start":{"line":22,"column":2},"end":{"line":25,"column":3}},{"start":{},"end":{}}],"line":22},"1":{"loc":{"start":{"line":31,"column":6},"end":{"line":43,"column":7}},"type":"if","locations":[{"start":{"line":31,"column":6},"end":{"line":43,"column":7}},{"start":{"line":39,"column":13},"end":{"line":43,"column":7}}],"line":31},"2":{"loc":{"start":{"line":32,"column":8},"end":{"line":38,"column":9}},"type":"if","locations":[{"start":{"line":32,"column":8},"end":{"line":38,"column":9}},{"start":{"line":35,"column":15},"end":{"line":38,"column":9}}],"line":32},"3":{"loc":{"start":{"line":114,"column":8},"end":{"line":134,"column":9}},"type":"if","locations":[{"start":{"line":114,"column":8},"end":{"line":134,"column":9}},{"start":{"line":116,"column":15},"end":{"line":134,"column":9}}],"line":114},"4":{"loc":{"start":{"line":121,"column":24},"end":{"line":121,"column":63}},"type":"cond-expr","locations":[{"start":{"line":121,"column":36},"end":{"line":121,"column":48}},{"start":{"line":121,"column":51},"end":{"line":121,"column":63}}],"line":121},"5":{"loc":{"start":{"line":126,"column":14},"end":{"line":131,"column":15}},"type":"if","locations":[{"start":{"line":126,"column":14},"end":{"line":131,"column":15}},{"start":{"line":128,"column":21},"end":{"line":131,"column":15}}],"line":126}},"s":{"0":0,"1":0,"2":0,"3":0,"4":0,"5":0,"6":0,"7":0,"8":0,"9":0,"10":0,"11":0,"12":0,"13":0,"14":0,"15":0,"16":0,"17":0,"18":0,"19":0,"20":0,"21":0,"22":0,"23":0,"24":0,"25":0,"26":0,"27":0,"28":0,"29":0,"30":0,"31":0,"32":0,"33":0,"34":0,"35":0,"36":0,"37":0,"38":0,"39":0,"40":0,"41":0,"42":0,"43":0,"44":0,"45":0},"f":{"0":0,"1":0,"2":0,"3":0,"4":0,"5":0,"6":0,"7":0,"8":0},"b":{"0":[0,0],"1":[0,0],"2":[0,0],"3":[0,0],"4":[0,0],"5":[0,0]}}
}
