TN:
SF:calculations.js
FN:2,calculateMidpoint
FN:7,calculateMomentum
FN:10,(anonymous_2)
FN:10,(anonymous_3)
FN:11,(anonymous_4)
FN:11,(anonymous_5)
FN:29,calculateConvergenceRate
FN:32,(anonymous_7)
FN:32,(anonymous_8)
FN:33,(anonymous_9)
FN:33,(anonymous_10)
FN:44,predictSettlement
FN:47,(anonymous_12)
FN:47,(anonymous_13)
FN:48,(anonymous_14)
FN:48,(anonymous_15)
FN:59,(anonymous_16)
FN:66,calculateMidpointOfMidpoints
FN:69,(anonymous_18)
FN:69,(anonymous_19)
FN:70,(anonymous_20)
FN:70,(anonymous_21)
FN:81,(anonymous_22)
FN:85,calculateConfidence
FN:99,determineStatus
FN:102,(anonymous_25)
FN:103,(anonymous_26)
FN:121,calculateAnalytics
FN:124,(anonymous_28)
FN:125,(anonymous_29)
FN:170,calculateRecommendedMove
FN:175,(anonymous_31)
FN:176,(anonymous_32)
FN:243,generateMoveReasoning
FNF:34
FNH:29
FNDA:2,calculateMidpoint
FNDA:13,calculateMomentum
FNDA:8,(anonymous_2)
FNDA:4,(anonymous_3)
FNDA:8,(anonymous_4)
FNDA:4,(anonymous_5)
FNDA:13,calculateConvergenceRate
FNDA:8,(anonymous_7)
FNDA:4,(anonymous_8)
FNDA:8,(anonymous_9)
FNDA:4,(anonymous_10)
FNDA:11,predictSettlement
FNDA:4,(anonymous_12)
FNDA:2,(anonymous_13)
FNDA:4,(anonymous_14)
FNDA:2,(anonymous_15)
FNDA:4,(anonymous_16)
FNDA:11,calculateMidpointOfMidpoints
FNDA:4,(anonymous_18)
FNDA:2,(anonymous_19)
FNDA:4,(anonymous_20)
FNDA:2,(anonymous_21)
FNDA:0,(anonymous_22)
FNDA:11,calculateConfidence
FNDA:11,determineStatus
FNDA:11,(anonymous_25)
FNDA:11,(anonymous_26)
FNDA:11,calculateAnalytics
FNDA:4,(anonymous_28)
FNDA:4,(anonymous_29)
FNDA:0,calculateRecommendedMove
FNDA:0,(anonymous_31)
FNDA:0,(anonymous_32)
FNDA:0,generateMoveReasoning
DA:3,2
DA:8,13
DA:10,8
DA:11,8
DA:13,4
DA:15,4
DA:16,4
DA:17,4
DA:18,4
DA:21,4
DA:22,4
DA:25,4
DA:30,13
DA:32,8
DA:33,8
DA:35,4
DA:37,4
DA:38,4
DA:40,4
DA:45,11
DA:47,4
DA:48,4
DA:50,2
DA:52,2
DA:53,2
DA:56,2
DA:59,4
DA:60,2
DA:62,2
DA:67,11
DA:69,4
DA:70,4
DA:72,2
DA:74,2
DA:75,2
DA:77,2
DA:78,2
DA:81,2
DA:86,11
DA:88,2
DA:89,2
DA:93,2
DA:95,2
DA:100,11
DA:102,11
DA:103,11
DA:105,9
DA:107,2
DA:108,2
DA:110,2
DA:113,2
DA:114,0
DA:117,2
DA:122,11
DA:124,4
DA:125,4
DA:128,11
DA:171,0
DA:172,0
DA:175,0
DA:176,0
DA:178,0
DA:179,0
DA:182,0
DA:183,0
DA:184,0
DA:187,0
DA:188,0
DA:191,0
DA:192,0
DA:196,0
DA:198,0
DA:200,0
DA:202,0
DA:203,0
DA:206,0
DA:207,0
DA:211,0
DA:213,0
DA:214,0
DA:215,0
DA:217,0
DA:218,0
DA:223,0
DA:224,0
DA:226,0
DA:231,0
DA:244,0
DA:245,0
DA:247,0
DA:249,0
DA:250,0
DA:251,0
DA:252,0
DA:254,0
DA:257,0
DA:258,0
DA:260,0
DA:263,0
DA:266,4
LF:100
LH:57
BRDA:8,0,0,9
BRDA:8,0,1,4
BRDA:13,1,0,0
BRDA:13,1,1,4
BRDA:13,2,0,4
BRDA:13,2,1,4
BRDA:30,3,0,9
BRDA:30,3,1,4
BRDA:35,4,0,0
BRDA:35,4,1,4
BRDA:35,5,0,4
BRDA:35,5,1,4
BRDA:40,6,0,0
BRDA:40,6,1,4
BRDA:45,7,0,9
BRDA:45,7,1,2
BRDA:50,8,0,0
BRDA:50,8,1,2
BRDA:50,9,0,2
BRDA:50,9,1,2
BRDA:67,10,0,9
BRDA:67,10,1,2
BRDA:72,11,0,0
BRDA:72,11,1,2
BRDA:72,12,0,2
BRDA:72,12,1,2
BRDA:81,13,0,2
BRDA:81,13,1,0
BRDA:86,14,0,9
BRDA:86,14,1,2
BRDA:100,15,0,2
BRDA:100,15,1,9
BRDA:105,16,0,7
BRDA:105,16,1,2
BRDA:105,17,0,9
BRDA:105,17,1,8
BRDA:113,18,0,0
BRDA:113,18,1,2
BRDA:122,19,0,2
BRDA:122,19,1,9
BRDA:124,20,0,2
BRDA:124,20,1,0
BRDA:125,21,0,2
BRDA:125,21,1,0
BRDA:171,22,0,0
BRDA:171,22,1,0
BRDA:171,23,0,0
BRDA:171,23,1,0
BRDA:178,24,0,0
BRDA:178,24,1,0
BRDA:178,25,0,0
BRDA:178,25,1,0
BRDA:188,26,0,0
BRDA:188,26,1,0
BRDA:196,27,0,0
BRDA:196,27,1,0
BRDA:200,28,0,0
BRDA:200,28,1,0
BRDA:213,29,0,0
BRDA:213,29,1,0
BRDA:224,30,0,0
BRDA:224,30,1,0
BRDA:226,31,0,0
BRDA:226,31,1,0
BRDA:233,32,0,0
BRDA:233,32,1,0
BRDA:249,33,0,0
BRDA:249,33,1,0
BRDA:251,34,0,0
BRDA:251,34,1,0
BRDA:257,35,0,0
BRDA:257,35,1,0
BRF:72
BRH:35
end_of_record
TN:
SF:database.js
FN:16,getConnection
FN:18,(anonymous_1)
FN:31,createUser
FN:39,(anonymous_3)
FN:52,getUserByUsername
FN:57,(anonymous_5)
FN:66,initializeDatabase
FN:69,(anonymous_7)
FN:78,(anonymous_8)
FN:109,(anonymous_9)
FN:125,(anonymous_10)
FN:143,(anonymous_11)
FN:161,(anonymous_12)
FN:179,(anonymous_13)
FN:192,createNegotiation
FN:210,(anonymous_15)
FN:223,getAllNegotiations
FN:225,(anonymous_17)
FN:233,getAllNegotiationsByUser
FN:235,(anonymous_19)
FN:243,getNegotiationById
FN:245,(anonymous_21)
FN:253,updateNegotiation
FN:258,(anonymous_23)
FN:261,(anonymous_24)
FN:269,deleteNegotiation
FN:271,(anonymous_26)
FN:279,addMove
FN:288,(anonymous_28)
FN:301,getMovesByNegotiationId
FN:306,(anonymous_30)
FN:315,getMoveById
FN:320,(anonymous_32)
FN:329,deleteMove
FN:331,(anonymous_34)
FN:339,saveCalculation
FN:348,(anonymous_36)
FN:357,createBracket
FN:366,(anonymous_38)
FN:379,getBracketsByNegotiationId
FN:384,(anonymous_40)
FN:393,updateBracket
FN:400,(anonymous_42)
FN:409,createMediatorProposal
FN:415,(anonymous_44)
FN:425,(anonymous_45)
FN:449,getMediatorProposal
FN:454,(anonymous_47)
FN:463,updateMediatorProposal
FN:488,(anonymous_49)
FN:496,checkExpiredProposals
FN:505,(anonymous_51)
FN:534,(anonymous_52)
FNF:53
FNH:49
FNDA:264,getConnection
FNDA:49,(anonymous_1)
FNDA:43,createUser
FNDA:43,(anonymous_3)
FNDA:3,getUserByUsername
FNDA:3,(anonymous_5)
FNDA:49,initializeDatabase
FNDA:49,(anonymous_7)
FNDA:49,(anonymous_8)
FNDA:49,(anonymous_9)
FNDA:49,(anonymous_10)
FNDA:49,(anonymous_11)
FNDA:49,(anonymous_12)
FNDA:49,(anonymous_13)
FNDA:40,createNegotiation
FNDA:40,(anonymous_15)
FNDA:0,getAllNegotiations
FNDA:0,(anonymous_17)
FNDA:1,getAllNegotiationsByUser
FNDA:1,(anonymous_19)
FNDA:54,getNegotiationById
FNDA:54,(anonymous_21)
FNDA:1,updateNegotiation
FNDA:3,(anonymous_23)
FNDA:1,(anonymous_24)
FNDA:1,deleteNegotiation
FNDA:1,(anonymous_26)
FNDA:8,addMove
FNDA:8,(anonymous_28)
FNDA:14,getMovesByNegotiationId
FNDA:14,(anonymous_30)
FNDA:1,getMoveById
FNDA:1,(anonymous_32)
FNDA:1,deleteMove
FNDA:1,(anonymous_34)
FNDA:8,saveCalculation
FNDA:8,(anonymous_36)
FNDA:7,createBracket
FNDA:7,(anonymous_38)
FNDA:4,getBracketsByNegotiationId
FNDA:4,(anonymous_40)
FNDA:2,updateBracket
FNDA:2,(anonymous_42)
FNDA:8,createMediatorProposal
FNDA:8,(anonymous_44)
FNDA:8,(anonymous_45)
FNDA:13,getMediatorProposal
FNDA:13,(anonymous_47)
FNDA:6,updateMediatorProposal
FNDA:6,(anonymous_49)
FNDA:0,checkExpiredProposals
FNDA:0,(anonymous_51)
FNDA:49,(anonymous_52)
DA:1,5
DA:2,5
DA:5,5
DA:8,5
DA:11,5
DA:17,264
DA:18,49
DA:19,49
DA:20,0
DA:21,0
DA:25,264
DA:32,43
DA:33,43
DA:34,43
DA:36,43
DA:40,43
DA:41,1
DA:43,42
DA:53,3
DA:54,3
DA:58,3
DA:67,49
DA:69,49
DA:71,49
DA:79,49
DA:83,49
DA:110,49
DA:114,49
DA:126,49
DA:130,49
DA:144,49
DA:148,49
DA:162,49
DA:166,49
DA:180,49
DA:181,0
DA:184,49
DA:193,40
DA:198,40
DA:200,40
DA:202,40
DA:211,40
DA:212,0
DA:214,40
DA:224,0
DA:225,0
DA:226,0
DA:234,1
DA:235,1
DA:236,1
DA:244,54
DA:245,54
DA:246,54
DA:254,1
DA:255,1
DA:256,1
DA:258,3
DA:259,1
DA:261,1
DA:262,1
DA:270,1
DA:271,1
DA:272,1
DA:280,8
DA:281,8
DA:282,8
DA:284,8
DA:289,8
DA:290,0
DA:292,8
DA:302,14
DA:303,14
DA:307,14
DA:316,1
DA:317,1
DA:321,1
DA:330,1
DA:331,1
DA:332,1
DA:340,8
DA:341,8
DA:342,8
DA:344,8
DA:349,8
DA:358,7
DA:359,7
DA:360,7
DA:362,7
DA:367,7
DA:368,0
DA:370,7
DA:380,4
DA:381,4
DA:385,4
DA:394,2
DA:395,2
DA:397,2
DA:401,2
DA:410,8
DA:411,8
DA:412,8
DA:415,8
DA:416,8
DA:417,0
DA:418,0
DA:421,8
DA:426,8
DA:427,0
DA:429,8
DA:450,13
DA:451,13
DA:455,13
DA:464,6
DA:465,6
DA:468,6
DA:469,6
DA:470,6
DA:472,6
DA:473,3
DA:474,3
DA:476,6
DA:477,3
DA:478,3
DA:480,6
DA:481,6
DA:482,6
DA:485,6
DA:486,6
DA:488,6
DA:489,6
DA:497,0
DA:498,0
DA:500,0
DA:506,0
DA:511,5
DA:535,49
DA:536,49
DA:537,49
LF:138
LH:122
BRDA:5,0,0,5
BRDA:5,0,1,0
BRDA:7,1,0,0
BRDA:7,1,1,0
BRDA:17,2,0,49
BRDA:17,2,1,215
BRDA:19,3,0,0
BRDA:19,3,1,49
BRDA:40,4,0,1
BRDA:40,4,1,42
BRDA:79,5,0,0
BRDA:79,5,1,49
BRDA:110,6,0,0
BRDA:110,6,1,49
BRDA:126,7,0,0
BRDA:126,7,1,49
BRDA:144,8,0,0
BRDA:144,8,1,49
BRDA:162,9,0,0
BRDA:162,9,1,49
BRDA:180,10,0,0
BRDA:180,10,1,49
BRDA:184,11,0,49
BRDA:184,11,1,0
BRDA:209,12,0,40
BRDA:209,12,1,40
BRDA:209,13,0,40
BRDA:209,13,1,40
BRDA:211,14,0,0
BRDA:211,14,1,40
BRDA:226,15,0,0
BRDA:226,15,1,0
BRDA:236,16,0,1
BRDA:236,16,1,0
BRDA:289,17,0,0
BRDA:289,17,1,8
BRDA:307,18,0,14
BRDA:307,18,1,0
BRDA:365,19,0,7
BRDA:365,19,1,2
BRDA:367,20,0,0
BRDA:367,20,1,7
BRDA:385,21,0,4
BRDA:385,21,1,0
BRDA:416,22,0,0
BRDA:416,22,1,8
BRDA:424,23,0,8
BRDA:424,23,1,0
BRDA:426,24,0,0
BRDA:426,24,1,8
BRDA:472,25,0,3
BRDA:472,25,1,3
BRDA:476,26,0,3
BRDA:476,26,1,3
BRDA:480,27,0,6
BRDA:480,27,1,0
BRDA:535,28,0,49
BRDA:535,28,1,0
BRF:58
BRH:34
end_of_record
TN:
SF:index.js
FN:28,(anonymous_0)
FN:46,(anonymous_1)
FN:54,(anonymous_2)
FNF:3
FNH:0
FNDA:0,(anonymous_0)
FNDA:0,(anonymous_1)
FNDA:0,(anonymous_2)
DA:1,0
DA:2,0
DA:3,0
DA:4,0
DA:5,0
DA:8,0
DA:9,0
DA:10,0
DA:11,0
DA:12,0
DA:13,0
DA:16,0
DA:18,0
DA:19,0
DA:22,0
DA:23,0
DA:24,0
DA:25,0
DA:28,0
DA:29,0
DA:33,0
DA:36,0
DA:37,0
DA:38,0
DA:39,0
DA:40,0
DA:41,0
DA:42,0
DA:43,0
DA:46,0
DA:47,0
DA:51,0
DA:54,0
DA:55,0
LF:34
LH:0
BRDA:19,0,0,0
BRDA:19,0,1,0
BRF:2
BRH:0
end_of_record
TN:
SF:validation.js
FN:8,validateNegotiationCreate
FN:53,validateNegotiationUpdate
FN:103,validateNegotiation
FN:148,validateMove
FN:189,sanitizeString
FN:203,sanitizeNegotiation
FN:226,sanitizeMove
FN:239,validateBracket
FN:284,validateMediatorProposal
FN:315,sanitizeBracket
FN:329,sanitizeMediatorProposal
FNF:11
FNH:10
FNDA:41,validateNegotiationCreate
FNDA:1,validateNegotiationUpdate
FNDA:0,validateNegotiation
FNDA:9,validateMove
FNDA:64,sanitizeString
FNDA:40,sanitizeNegotiation
FNDA:8,sanitizeMove
FNDA:10,validateBracket
FNDA:10,validateMediatorProposal
FNDA:7,sanitizeBracket
FNDA:8,sanitizeMediatorProposal
DA:9,41
DA:11,41
DA:12,1
DA:15,41
DA:16,0
DA:20,41
DA:21,41
DA:22,205
DA:23,20
DA:24,20
DA:25,0
DA:30,41
DA:31,41
DA:32,328
DA:33,0
DA:35,328
DA:36,0
DA:40,41
DA:41,0
DA:44,41
DA:54,1
DA:57,1
DA:58,0
DA:59,0
DA:61,0
DA:62,0
DA:67,1
DA:68,1
DA:69,5
DA:70,0
DA:71,0
DA:72,0
DA:78,1
DA:79,1
DA:80,8
DA:81,0
DA:82,0
DA:84,0
DA:85,0
DA:90,1
DA:91,0
DA:94,1
DA:104,0
DA:106,0
DA:107,0
DA:110,0
DA:111,0
DA:115,0
DA:116,0
DA:117,0
DA:118,0
DA:119,0
DA:120,0
DA:125,0
DA:126,0
DA:127,0
DA:128,0
DA:130,0
DA:131,0
DA:135,0
DA:136,0
DA:139,0
DA:149,9
DA:151,9
DA:152,0
DA:155,9
DA:156,0
DA:159,9
DA:160,1
DA:163,9
DA:164,0
DA:166,9
DA:167,9
DA:168,0
DA:172,9
DA:173,0
DA:176,9
DA:177,0
DA:180,9
DA:190,64
DA:191,64
DA:204,40
DA:227,8
DA:240,10
DA:242,10
DA:243,0
DA:246,10
DA:247,10
DA:248,40
DA:249,2
DA:251,38
DA:252,38
DA:253,0
DA:259,10
DA:260,10
DA:261,10
DA:262,10
DA:263,1
DA:267,10
DA:268,9
DA:269,9
DA:270,9
DA:271,1
DA:275,10
DA:285,10
DA:287,10
DA:288,0
DA:291,10
DA:292,1
DA:295,10
DA:296,0
DA:298,10
DA:299,10
DA:300,0
DA:301,10
DA:302,1
DA:306,10
DA:316,7
DA:330,8
DA:338,4
LF:120
LH:72
BRDA:11,0,0,1
BRDA:11,0,1,40
BRDA:11,1,0,41
BRDA:11,1,1,40
BRDA:11,1,2,40
BRDA:15,2,0,0
BRDA:15,2,1,41
BRDA:15,3,0,41
BRDA:15,3,1,40
BRDA:22,4,0,20
BRDA:22,4,1,185
BRDA:22,5,0,205
BRDA:22,5,1,20
BRDA:22,5,2,20
BRDA:24,6,0,0
BRDA:24,6,1,20
BRDA:24,7,0,20
BRDA:24,7,1,20
BRDA:32,8,0,0
BRDA:32,8,1,328
BRDA:32,9,0,328
BRDA:32,9,1,5
BRDA:35,10,0,0
BRDA:35,10,1,328
BRDA:35,11,0,328
BRDA:35,11,1,5
BRDA:40,12,0,0
BRDA:40,12,1,41
BRDA:40,13,0,41
BRDA:40,13,1,40
BRDA:57,14,0,0
BRDA:57,14,1,1
BRDA:57,15,0,1
BRDA:57,15,1,0
BRDA:58,16,0,0
BRDA:58,16,1,0
BRDA:58,17,0,0
BRDA:58,17,1,0
BRDA:61,18,0,0
BRDA:61,18,1,0
BRDA:61,19,0,0
BRDA:61,19,1,0
BRDA:69,20,0,0
BRDA:69,20,1,5
BRDA:69,21,0,5
BRDA:69,21,1,0
BRDA:69,21,2,0
BRDA:71,22,0,0
BRDA:71,22,1,0
BRDA:71,23,0,0
BRDA:71,23,1,0
BRDA:80,24,0,0
BRDA:80,24,1,8
BRDA:80,25,0,8
BRDA:80,25,1,0
BRDA:81,26,0,0
BRDA:81,26,1,0
BRDA:84,27,0,0
BRDA:84,27,1,0
BRDA:84,28,0,0
BRDA:84,28,1,0
BRDA:90,29,0,0
BRDA:90,29,1,1
BRDA:90,30,0,1
BRDA:90,30,1,1
BRDA:106,31,0,0
BRDA:106,31,1,0
BRDA:106,32,0,0
BRDA:106,32,1,0
BRDA:106,32,2,0
BRDA:110,33,0,0
BRDA:110,33,1,0
BRDA:110,34,0,0
BRDA:110,34,1,0
BRDA:117,35,0,0
BRDA:117,35,1,0
BRDA:117,36,0,0
BRDA:117,36,1,0
BRDA:117,36,2,0
BRDA:119,37,0,0
BRDA:119,37,1,0
BRDA:119,38,0,0
BRDA:119,38,1,0
BRDA:127,39,0,0
BRDA:127,39,1,0
BRDA:127,40,0,0
BRDA:127,40,1,0
BRDA:130,41,0,0
BRDA:130,41,1,0
BRDA:130,42,0,0
BRDA:130,42,1,0
BRDA:135,43,0,0
BRDA:135,43,1,0
BRDA:135,44,0,0
BRDA:135,44,1,0
BRDA:151,45,0,0
BRDA:151,45,1,9
BRDA:151,46,0,9
BRDA:151,46,1,9
BRDA:155,47,0,0
BRDA:155,47,1,9
BRDA:155,48,0,9
BRDA:155,48,1,9
BRDA:159,49,0,1
BRDA:159,49,1,8
BRDA:159,50,0,9
BRDA:159,50,1,9
BRDA:163,51,0,0
BRDA:163,51,1,9
BRDA:163,52,0,9
BRDA:163,52,1,9
BRDA:167,53,0,0
BRDA:167,53,1,9
BRDA:167,54,0,9
BRDA:167,54,1,9
BRDA:172,55,0,0
BRDA:172,55,1,9
BRDA:172,56,0,9
BRDA:172,56,1,6
BRDA:176,57,0,0
BRDA:176,57,1,9
BRDA:176,58,0,9
BRDA:176,58,1,6
BRDA:190,59,0,0
BRDA:190,59,1,64
BRDA:205,60,0,40
BRDA:205,60,1,0
BRDA:206,61,0,1
BRDA:206,61,1,39
BRDA:207,62,0,1
BRDA:207,62,1,39
BRDA:208,63,0,1
BRDA:208,63,1,39
BRDA:209,64,0,1
BRDA:209,64,1,39
BRDA:210,65,0,0
BRDA:210,65,1,40
BRDA:211,66,0,0
BRDA:211,66,1,40
BRDA:212,67,0,0
BRDA:212,67,1,40
BRDA:213,68,0,0
BRDA:213,68,1,40
BRDA:214,69,0,40
BRDA:214,69,1,30
BRDA:215,70,0,40
BRDA:215,70,1,30
BRDA:216,71,0,40
BRDA:216,71,1,40
BRDA:217,72,0,40
BRDA:217,72,1,40
BRDA:218,73,0,40
BRDA:218,73,1,40
BRDA:219,74,0,40
BRDA:219,74,1,0
BRDA:232,75,0,6
BRDA:232,75,1,2
BRDA:242,76,0,0
BRDA:242,76,1,10
BRDA:242,77,0,10
BRDA:242,77,1,10
BRDA:248,78,0,2
BRDA:248,78,1,38
BRDA:248,79,0,40
BRDA:248,79,1,38
BRDA:252,80,0,0
BRDA:252,80,1,38
BRDA:252,81,0,38
BRDA:252,81,1,38
BRDA:259,82,0,10
BRDA:259,82,1,0
BRDA:259,83,0,10
BRDA:259,83,1,10
BRDA:262,84,0,1
BRDA:262,84,1,9
BRDA:267,85,0,9
BRDA:267,85,1,1
BRDA:267,86,0,10
BRDA:267,86,1,9
BRDA:270,87,0,1
BRDA:270,87,1,8
BRDA:287,88,0,0
BRDA:287,88,1,10
BRDA:287,89,0,10
BRDA:287,89,1,10
BRDA:291,90,0,1
BRDA:291,90,1,9
BRDA:291,91,0,10
BRDA:291,91,1,9
BRDA:291,91,2,9
BRDA:295,92,0,0
BRDA:295,92,1,10
BRDA:299,93,0,0
BRDA:299,93,1,10
BRDA:301,94,0,1
BRDA:301,94,1,9
BRDA:322,95,0,5
BRDA:322,95,1,2
BRDA:334,96,0,8
BRDA:334,96,1,0
BRF:200
BRH:119
end_of_record
TN:
SF:middleware/auth.js
FN:8,verifyToken
FN:15,(anonymous_1)
FN:28,generateToken
FNF:3
FNH:3
FNDA:143,verifyToken
FNDA:138,(anonymous_1)
FNDA:43,generateToken
DA:1,5
DA:3,5
DA:9,143
DA:11,143
DA:12,5
DA:15,138
DA:16,138
DA:17,0
DA:19,138
DA:20,138
DA:21,138
DA:29,43
DA:32,5
LF:13
LH:12
BRDA:3,0,0,5
BRDA:3,0,1,5
BRDA:11,1,0,5
BRDA:11,1,1,138
BRDA:16,2,0,0
BRDA:16,2,1,138
BRF:6
BRH:5
end_of_record
TN:
SF:middleware/errorHandler.js
FN:4,requestLogger
FN:8,(anonymous_1)
FN:21,errorHandler
FNF:3
FNH:0
FNDA:0,requestLogger
FNDA:0,(anonymous_1)
FNDA:0,errorHandler
DA:5,0
DA:6,0
DA:8,0
DA:9,0
DA:10,0
DA:11,0
DA:12,0
DA:15,0
DA:22,0
DA:24,0
DA:25,0
DA:28,0
DA:34,0
LF:13
LH:0
BRDA:24,0,0,0
BRDA:24,0,1,0
BRDA:28,1,0,0
BRDA:28,1,1,0
BRDA:29,2,0,0
BRDA:29,2,1,0
BRDA:30,3,0,0
BRDA:30,3,1,0
BRF:8
BRH:0
end_of_record
TN:
SF:routes/auth.js
FN:11,(anonymous_0)
FN:23,(anonymous_1)
FN:31,(anonymous_2)
FN:56,(anonymous_3)
FN:63,(anonymous_4)
FN:73,(anonymous_5)
FNF:6
FNH:6
FNDA:45,(anonymous_0)
FNDA:43,(anonymous_1)
FNDA:43,(anonymous_2)
FNDA:3,(anonymous_3)
FNDA:3,(anonymous_4)
FNDA:2,(anonymous_5)
DA:1,5
DA:2,5
DA:3,5
DA:4,5
DA:5,5
DA:11,5
DA:12,45
DA:14,45
DA:15,1
DA:18,44
DA:19,1
DA:23,43
DA:24,43
DA:25,0
DA:29,43
DA:32,43
DA:33,1
DA:34,1
DA:36,0
DA:39,42
DA:41,42
DA:56,5
DA:57,3
DA:59,3
DA:60,0
DA:63,3
DA:64,3
DA:65,0
DA:68,3
DA:69,1
DA:73,2
DA:74,2
DA:75,0
DA:78,2
DA:79,1
DA:82,1
DA:84,1
DA:94,5
LF:38
LH:33
BRDA:14,0,0,1
BRDA:14,0,1,44
BRDA:14,1,0,45
BRDA:14,1,1,44
BRDA:18,2,0,1
BRDA:18,2,1,43
BRDA:24,3,0,0
BRDA:24,3,1,43
BRDA:32,4,0,1
BRDA:32,4,1,42
BRDA:33,5,0,1
BRDA:33,5,1,0
BRDA:59,6,0,0
BRDA:59,6,1,3
BRDA:59,7,0,3
BRDA:59,7,1,3
BRDA:64,8,0,0
BRDA:64,8,1,3
BRDA:68,9,0,1
BRDA:68,9,1,2
BRDA:74,10,0,0
BRDA:74,10,1,2
BRDA:78,11,0,1
BRDA:78,11,1,1
BRF:24
BRH:19
end_of_record
TN:
SF:routes/brackets.js
FN:18,(anonymous_0)
FN:26,(anonymous_1)
FN:35,(anonymous_2)
FN:49,(anonymous_3)
FN:54,(anonymous_4)
FN:69,(anonymous_5)
FN:83,(anonymous_6)
FN:97,(anonymous_7)
FNF:8
FNH:8
FNDA:4,(anonymous_0)
FNDA:4,(anonymous_1)
FNDA:4,(anonymous_2)
FNDA:10,(anonymous_3)
FNDA:10,(anonymous_4)
FNDA:7,(anonymous_5)
FNDA:2,(anonymous_6)
FNDA:2,(anonymous_7)
DA:4,1
DA:5,1
DA:6,1
DA:7,1
DA:9,1
DA:12,1
DA:18,1
DA:19,4
DA:21,4
DA:22,0
DA:26,4
DA:27,4
DA:28,0
DA:31,4
DA:32,0
DA:35,4
DA:36,4
DA:37,0
DA:38,0
DA:40,4
DA:49,1
DA:50,10
DA:51,10
DA:54,10
DA:55,10
DA:56,0
DA:59,10
DA:60,0
DA:63,10
DA:64,10
DA:65,3
DA:68,7
DA:69,7
DA:70,7
DA:71,0
DA:72,0
DA:74,7
DA:83,1
DA:84,2
DA:85,2
DA:87,2
DA:88,0
DA:91,2
DA:92,0
DA:97,2
DA:98,2
DA:99,0
DA:100,0
DA:102,2
DA:106,1
LF:50
LH:37
BRDA:21,0,0,0
BRDA:21,0,1,4
BRDA:27,1,0,0
BRDA:27,1,1,4
BRDA:27,2,0,4
BRDA:27,2,1,4
BRDA:31,3,0,0
BRDA:31,3,1,4
BRDA:36,4,0,0
BRDA:36,4,1,4
BRDA:40,5,0,4
BRDA:40,5,1,0
BRDA:55,6,0,0
BRDA:55,6,1,10
BRDA:55,7,0,10
BRDA:55,7,1,10
BRDA:59,8,0,0
BRDA:59,8,1,10
BRDA:64,9,0,3
BRDA:64,9,1,7
BRDA:70,10,0,0
BRDA:70,10,1,7
BRDA:87,11,0,0
BRDA:87,11,1,2
BRDA:91,12,0,0
BRDA:91,12,1,2
BRDA:91,13,0,2
BRDA:91,13,1,2
BRDA:98,14,0,0
BRDA:98,14,1,2
BRF:30
BRH:19
end_of_record
TN:
SF:routes/mediator.js
FN:18,(anonymous_0)
FN:26,(anonymous_1)
FN:35,(anonymous_2)
FN:43,(anonymous_3)
FN:57,(anonymous_4)
FN:62,(anonymous_5)
FN:77,(anonymous_6)
FN:91,(anonymous_7)
FN:108,(anonymous_8)
FN:118,(anonymous_9)
FN:150,(anonymous_10)
FN:165,(anonymous_11)
FN:166,(anonymous_12)
FNF:13
FNH:10
FNDA:7,(anonymous_0)
FNDA:7,(anonymous_1)
FNDA:7,(anonymous_2)
FNDA:0,(anonymous_3)
FNDA:10,(anonymous_4)
FNDA:10,(anonymous_5)
FNDA:8,(anonymous_6)
FNDA:6,(anonymous_7)
FNDA:6,(anonymous_8)
FNDA:6,(anonymous_9)
FNDA:6,(anonymous_10)
FNDA:0,(anonymous_11)
FNDA:0,(anonymous_12)
DA:4,1
DA:5,1
DA:6,1
DA:7,1
DA:9,1
DA:12,1
DA:18,1
DA:19,7
DA:21,7
DA:22,0
DA:26,7
DA:27,7
DA:28,0
DA:31,7
DA:32,0
DA:35,7
DA:36,7
DA:37,0
DA:38,0
DA:42,7
DA:43,0
DA:44,0
DA:47,7
DA:57,1
DA:58,10
DA:59,10
DA:62,10
DA:63,10
DA:64,0
DA:67,10
DA:68,0
DA:71,10
DA:72,10
DA:73,2
DA:76,8
DA:77,8
DA:78,8
DA:79,0
DA:80,0
DA:82,8
DA:91,1
DA:92,6
DA:93,6
DA:95,6
DA:96,0
DA:99,6
DA:100,0
DA:103,6
DA:104,0
DA:108,6
DA:109,6
DA:110,0
DA:113,6
DA:114,0
DA:118,6
DA:119,6
DA:120,0
DA:124,6
DA:125,0
DA:129,6
DA:130,6
DA:131,3
DA:133,3
DA:137,6
DA:138,6
DA:140,6
DA:141,2
DA:142,4
DA:143,1
DA:144,3
DA:145,2
DA:146,1
DA:147,1
DA:150,6
DA:151,6
DA:152,0
DA:153,0
DA:155,6
DA:165,1
DA:166,0
DA:167,0
DA:168,0
DA:169,0
DA:171,0
DA:175,1
LF:85
LH:60
BRDA:21,0,0,0
BRDA:21,0,1,7
BRDA:27,1,0,0
BRDA:27,1,1,7
BRDA:27,2,0,7
BRDA:27,2,1,7
BRDA:31,3,0,0
BRDA:31,3,1,7
BRDA:36,4,0,0
BRDA:36,4,1,7
BRDA:42,5,0,0
BRDA:42,5,1,7
BRDA:42,6,0,7
BRDA:42,6,1,6
BRDA:42,6,2,1
BRDA:47,7,0,7
BRDA:47,7,1,1
BRDA:63,8,0,0
BRDA:63,8,1,10
BRDA:63,9,0,10
BRDA:63,9,1,10
BRDA:67,10,0,0
BRDA:67,10,1,10
BRDA:72,11,0,2
BRDA:72,11,1,8
BRDA:78,12,0,0
BRDA:78,12,1,8
BRDA:95,13,0,0
BRDA:95,13,1,6
BRDA:99,14,0,0
BRDA:99,14,1,6
BRDA:99,15,0,6
BRDA:99,15,1,6
BRDA:103,16,0,0
BRDA:103,16,1,6
BRDA:103,17,0,6
BRDA:103,17,1,6
BRDA:109,18,0,0
BRDA:109,18,1,6
BRDA:109,19,0,6
BRDA:109,19,1,6
BRDA:113,20,0,0
BRDA:113,20,1,6
BRDA:119,21,0,0
BRDA:119,21,1,6
BRDA:119,22,0,6
BRDA:119,22,1,6
BRDA:124,23,0,0
BRDA:124,23,1,6
BRDA:130,24,0,3
BRDA:130,24,1,3
BRDA:137,25,0,3
BRDA:137,25,1,3
BRDA:138,26,0,3
BRDA:138,26,1,3
BRDA:140,27,0,2
BRDA:140,27,1,4
BRDA:142,28,0,1
BRDA:142,28,1,3
BRDA:142,29,0,4
BRDA:142,29,1,3
BRDA:144,30,0,2
BRDA:144,30,1,1
BRDA:146,31,0,1
BRDA:146,31,1,0
BRDA:151,32,0,0
BRDA:151,32,1,6
BRDA:167,33,0,0
BRDA:167,33,1,0
BRF:69
BRH:50
end_of_record
TN:
SF:routes/moves.js
FN:19,(anonymous_0)
FN:23,(anonymous_1)
FN:38,(anonymous_2)
FN:45,(anonymous_3)
FN:52,(anonymous_4)
FN:67,(anonymous_5)
FN:74,(anonymous_6)
FN:87,(anonymous_7)
FN:95,(anonymous_8)
FN:101,(anonymous_9)
FN:110,(anonymous_10)
FNF:11
FNH:11
FNDA:9,(anonymous_0)
FNDA:9,(anonymous_1)
FNDA:8,(anonymous_2)
FNDA:8,(anonymous_3)
FNDA:8,(anonymous_4)
FNDA:3,(anonymous_5)
FNDA:3,(anonymous_6)
FNDA:1,(anonymous_7)
FNDA:1,(anonymous_8)
FNDA:1,(anonymous_9)
FNDA:1,(anonymous_10)
DA:4,1
DA:5,1
DA:6,1
DA:7,1
DA:8,1
DA:10,1
DA:13,1
DA:19,1
DA:20,9
DA:23,9
DA:24,9
DA:25,0
DA:28,9
DA:29,0
DA:32,9
DA:33,9
DA:34,1
DA:37,8
DA:38,8
DA:39,8
DA:40,0
DA:41,0
DA:45,8
DA:46,8
DA:47,8
DA:48,8
DA:53,8
DA:56,0
DA:67,1
DA:68,3
DA:70,3
DA:71,0
DA:74,3
DA:75,3
DA:76,0
DA:77,0
DA:79,3
DA:87,1
DA:88,1
DA:90,1
DA:91,0
DA:95,1
DA:96,1
DA:97,0
DA:101,1
DA:102,1
DA:103,0
DA:106,1
DA:107,0
DA:110,1
DA:111,1
DA:112,0
DA:113,0
DA:115,1
DA:121,1
LF:55
LH:41
BRDA:24,0,0,0
BRDA:24,0,1,9
BRDA:24,1,0,9
BRDA:24,1,1,9
BRDA:28,2,0,0
BRDA:28,2,1,9
BRDA:33,3,0,1
BRDA:33,3,1,8
BRDA:39,4,0,0
BRDA:39,4,1,8
BRDA:46,5,0,8
BRDA:46,5,1,0
BRDA:46,6,0,8
BRDA:46,6,1,8
BRDA:46,6,2,8
BRDA:70,7,0,0
BRDA:70,7,1,3
BRDA:75,8,0,0
BRDA:75,8,1,3
BRDA:79,9,0,3
BRDA:79,9,1,0
BRDA:90,10,0,0
BRDA:90,10,1,1
BRDA:96,11,0,0
BRDA:96,11,1,1
BRDA:96,12,0,1
BRDA:96,12,1,1
BRDA:102,13,0,0
BRDA:102,13,1,1
BRDA:102,14,0,1
BRDA:102,14,1,1
BRDA:106,15,0,0
BRDA:106,15,1,1
BRDA:111,16,0,0
BRDA:111,16,1,1
BRF:35
BRH:23
end_of_record
TN:
SF:routes/negotiations.js
FN:19,(anonymous_0)
FN:28,(anonymous_1)
FN:41,(anonymous_2)
FN:42,(anonymous_3)
FN:55,(anonymous_4)
FN:62,(anonymous_5)
FN:78,(anonymous_6)
FN:98,(anonymous_7)
FN:106,(anonymous_8)
FN:130,(anonymous_9)
FN:144,(anonymous_10)
FN:152,(anonymous_11)
FN:162,(anonymous_12)
FN:183,(anonymous_13)
FN:191,(anonymous_14)
FN:200,(anonymous_15)
FNF:16
FNH:13
FNDA:41,(anonymous_0)
FNDA:40,(anonymous_1)
FNDA:1,(anonymous_2)
FNDA:1,(anonymous_3)
FNDA:5,(anonymous_4)
FNDA:5,(anonymous_5)
FNDA:3,(anonymous_6)
FNDA:1,(anonymous_7)
FNDA:1,(anonymous_8)
FNDA:1,(anonymous_9)
FNDA:0,(anonymous_10)
FNDA:0,(anonymous_11)
FNDA:0,(anonymous_12)
FNDA:1,(anonymous_13)
FNDA:1,(anonymous_14)
FNDA:1,(anonymous_15)
DA:4,4
DA:5,4
DA:6,4
DA:7,4
DA:8,4
DA:10,4
DA:13,4
DA:19,4
DA:20,41
DA:21,41
DA:22,1
DA:25,40
DA:26,40
DA:28,40
DA:29,40
DA:30,0
DA:31,0
DA:33,40
DA:41,4
DA:42,1
DA:43,1
DA:44,0
DA:45,0
DA:47,1
DA:55,4
DA:56,5
DA:58,5
DA:59,0
DA:62,5
DA:63,5
DA:64,0
DA:65,0
DA:68,5
DA:69,2
DA:73,3
DA:74,0
DA:78,3
DA:79,3
DA:80,0
DA:81,0
DA:84,3
DA:85,3
DA:98,4
DA:99,1
DA:101,1
DA:102,0
DA:106,1
DA:107,1
DA:108,0
DA:111,1
DA:112,0
DA:115,1
DA:116,1
DA:117,0
DA:121,1
DA:122,1
DA:123,2
DA:124,1
DA:126,1
DA:130,1
DA:131,1
DA:132,0
DA:133,0
DA:135,1
DA:144,4
DA:145,0
DA:147,0
DA:148,0
DA:152,0
DA:153,0
DA:154,0
DA:157,0
DA:158,0
DA:162,0
DA:163,0
DA:164,0
DA:165,0
DA:168,0
DA:169,0
DA:170,0
DA:172,0
DA:173,0
DA:183,4
DA:184,1
DA:186,1
DA:187,0
DA:191,1
DA:192,1
DA:193,0
DA:196,1
DA:197,0
DA:200,1
DA:201,1
DA:202,0
DA:203,0
DA:205,1
DA:210,4
LF:97
LH:59
BRDA:21,0,0,1
BRDA:21,0,1,40
BRDA:29,1,0,0
BRDA:29,1,1,40
BRDA:43,2,0,0
BRDA:43,2,1,1
BRDA:47,3,0,1
BRDA:47,3,1,0
BRDA:58,4,0,0
BRDA:58,4,1,5
BRDA:63,5,0,0
BRDA:63,5,1,5
BRDA:68,6,0,2
BRDA:68,6,1,3
BRDA:73,7,0,0
BRDA:73,7,1,3
BRDA:79,8,0,0
BRDA:79,8,1,3
BRDA:84,9,0,3
BRDA:84,9,1,0
BRDA:87,10,0,3
BRDA:87,10,1,0
BRDA:101,11,0,0
BRDA:101,11,1,1
BRDA:107,12,0,0
BRDA:107,12,1,1
BRDA:107,13,0,1
BRDA:107,13,1,1
BRDA:111,14,0,0
BRDA:111,14,1,1
BRDA:116,15,0,0
BRDA:116,15,1,1
BRDA:123,16,0,1
BRDA:123,16,1,1
BRDA:131,17,0,0
BRDA:131,17,1,1
BRDA:147,18,0,0
BRDA:147,18,1,0
BRDA:153,19,0,0
BRDA:153,19,1,0
BRDA:153,20,0,0
BRDA:153,20,1,0
BRDA:157,21,0,0
BRDA:157,21,1,0
BRDA:163,22,0,0
BRDA:163,22,1,0
BRDA:169,23,0,0
BRDA:169,23,1,0
BRDA:186,24,0,0
BRDA:186,24,1,1
BRDA:192,25,0,0
BRDA:192,25,1,1
BRDA:192,26,0,1
BRDA:192,26,1,1
BRDA:196,27,0,0
BRDA:196,27,1,1
BRDA:201,28,0,0
BRDA:201,28,1,1
BRF:58
BRH:28
end_of_record
TN:
SF:routes/search.js
FN:18,(anonymous_0)
FN:21,(anonymous_1)
FN:32,(anonymous_2)
FN:43,(anonymous_3)
FN:46,(anonymous_4)
FN:49,(anonymous_5)
FN:61,(anonymous_6)
FN:69,(anonymous_7)
FN:78,(anonymous_8)
FNF:9
FNH:0
FNDA:0,(anonymous_0)
FNDA:0,(anonymous_1)
FNDA:0,(anonymous_2)
FNDA:0,(anonymous_3)
FNDA:0,(anonymous_4)
FNDA:0,(anonymous_5)
FNDA:0,(anonymous_6)
FNDA:0,(anonymous_7)
FNDA:0,(anonymous_8)
DA:4,0
DA:5,0
DA:6,0
DA:7,0
DA:9,0
DA:12,0
DA:18,0
DA:19,0
DA:21,0
DA:22,0
DA:23,0
DA:24,0
DA:27,0
DA:30,0
DA:31,0
DA:32,0
DA:33,0
DA:41,0
DA:42,0
DA:43,0
DA:45,0
DA:46,0
DA:48,0
DA:49,0
DA:53,0
DA:61,0
DA:62,0
DA:64,0
DA:65,0
DA:69,0
DA:70,0
DA:71,0
DA:74,0
DA:75,0
DA:78,0
DA:79,0
DA:80,0
DA:81,0
DA:84,0
DA:85,0
DA:90,0
LF:41
LH:0
BRDA:22,0,0,0
BRDA:22,0,1,0
BRDA:27,1,0,0
BRDA:27,1,1,0
BRDA:30,2,0,0
BRDA:30,2,1,0
BRDA:30,3,0,0
BRDA:30,3,1,0
BRDA:30,3,2,0
BRDA:33,4,0,0
BRDA:33,4,1,0
BRDA:33,4,2,0
BRDA:33,4,3,0
BRDA:33,4,4,0
BRDA:33,4,5,0
BRDA:33,4,6,0
BRDA:33,4,7,0
BRDA:41,5,0,0
BRDA:41,5,1,0
BRDA:41,6,0,0
BRDA:41,6,1,0
BRDA:42,7,0,0
BRDA:42,7,1,0
BRDA:45,8,0,0
BRDA:45,8,1,0
BRDA:48,9,0,0
BRDA:48,9,1,0
BRDA:64,10,0,0
BRDA:64,10,1,0
BRDA:70,11,0,0
BRDA:70,11,1,0
BRDA:70,12,0,0
BRDA:70,12,1,0
BRDA:74,13,0,0
BRDA:74,13,1,0
BRDA:79,14,0,0
BRDA:79,14,1,0
BRDA:84,15,0,0
BRDA:84,15,1,0
BRF:39
BRH:0
end_of_record
TN:
SF:scripts/seed-brackets.js
FN:11,(anonymous_0)
FN:12,(anonymous_1)
FN:13,(anonymous_2)
FN:20,seedData
FN:40,(anonymous_4)
FN:49,(anonymous_5)
FN:57,(anonymous_6)
FN:66,(anonymous_7)
FN:74,(anonymous_8)
FN:83,(anonymous_9)
FN:94,(anonymous_10)
FN:103,(anonymous_11)
FNF:12
FNH:0
FNDA:0,(anonymous_0)
FNDA:0,(anonymous_1)
FNDA:0,(anonymous_2)
FNDA:0,seedData
FNDA:0,(anonymous_4)
FNDA:0,(anonymous_5)
FNDA:0,(anonymous_6)
FNDA:0,(anonymous_7)
FNDA:0,(anonymous_8)
FNDA:0,(anonymous_9)
FNDA:0,(anonymous_10)
FNDA:0,(anonymous_11)
DA:1,0
DA:3,0
DA:6,0
DA:8,0
DA:11,0
DA:12,0
DA:13,0
DA:14,0
DA:15,0
DA:21,0
DA:23,0
DA:28,0
DA:29,0
DA:30,0
DA:33,0
DA:36,0
DA:37,0
DA:40,0
DA:41,0
DA:50,0
DA:51,0
DA:54,0
DA:57,0
DA:58,0
DA:67,0
DA:68,0
DA:71,0
DA:74,0
DA:75,0
DA:84,0
DA:85,0
DA:88,0
DA:91,0
DA:92,0
DA:94,0
DA:95,0
DA:104,0
DA:105,0
DA:108,0
DA:111,0
DA:112,0
DA:113,0
DA:114,0
DA:115,0
DA:116,0
DA:117,0
DA:119,0
DA:121,0
DA:122,0
DA:127,0
LF:50
LH:0
BRDA:14,0,0,0
BRDA:14,0,1,0
BRDA:28,1,0,0
BRDA:28,1,1,0
BRDA:50,2,0,0
BRDA:50,2,1,0
BRDA:67,3,0,0
BRDA:67,3,1,0
BRDA:84,4,0,0
BRDA:84,4,1,0
BRDA:104,5,0,0
BRDA:104,5,1,0
BRF:12
BRH:0
end_of_record
TN:
SF:scripts/seed.js
FN:21,(anonymous_0)
FN:30,(anonymous_1)
FN:48,seedNegotiations
FN:112,(anonymous_3)
FN:113,(anonymous_4)
FN:122,(anonymous_5)
FN:124,(anonymous_6)
FN:125,(anonymous_7)
FN:139,(anonymous_8)
FNF:9
FNH:0
FNDA:0,(anonymous_0)
FNDA:0,(anonymous_1)
FNDA:0,seedNegotiations
FNDA:0,(anonymous_3)
FNDA:0,(anonymous_4)
FNDA:0,(anonymous_5)
FNDA:0,(anonymous_6)
FNDA:0,(anonymous_7)
FNDA:0,(anonymous_8)
DA:6,0
DA:7,0
DA:10,0
DA:12,0
DA:15,0
DA:21,0
DA:22,0
DA:23,0
DA:24,0
DA:28,0
DA:31,0
DA:32,0
DA:33,0
DA:34,0
DA:36,0
DA:37,0
DA:40,0
DA:41,0
DA:42,0
DA:50,0
DA:92,0
DA:101,0
DA:108,0
DA:109,0
DA:112,0
DA:113,0
DA:114,0
DA:115,0
DA:117,0
DA:118,0
DA:121,0
DA:122,0
DA:124,0
DA:125,0
DA:126,0
DA:127,0
DA:129,0
DA:130,0
DA:139,0
DA:140,0
DA:141,0
DA:142,0
DA:143,0
DA:144,0
DA:145,0
LF:45
LH:0
BRDA:22,0,0,0
BRDA:22,0,1,0
BRDA:31,1,0,0
BRDA:31,1,1,0
BRDA:32,2,0,0
BRDA:32,2,1,0
BRDA:114,3,0,0
BRDA:114,3,1,0
BRDA:121,4,0,0
BRDA:121,4,1,0
BRDA:126,5,0,0
BRDA:126,5,1,0
BRF:12
BRH:0
end_of_record
